#! /usr/local/bin/vvp
:ivl_version "12.0 (stable)";
:ivl_delay_selection "TYPICAL";
:vpi_time_precision - 12;
:vpi_module "/usr/local/lib/ivl/system.vpi";
:vpi_module "/usr/local/lib/ivl/vhdl_sys.vpi";
:vpi_module "/usr/local/lib/ivl/vhdl_textio.vpi";
:vpi_module "/usr/local/lib/ivl/v2005_math.vpi";
:vpi_module "/usr/local/lib/ivl/va_math.vpi";
:vpi_module "/usr/local/lib/ivl/v2009.vpi";
S_0x246b880 .scope package, "$unit" "$unit" 2 1;
 .timescale 0 0;
S_0x246ba10 .scope module, "tb_mux_2x1" "tb_mux_2x1" 3 4;
 .timescale -9 -12;
v0x247f410_0 .var "in", 1 0;
v0x247f500_0 .net "out", 0 0, v0x247f200_0;  1 drivers
v0x247f5d0_0 .var "s", 0 0;
S_0x2446580 .scope module, "uut" "mux_2x1" 3 9, 4 3 0, S_0x246ba10;
 .timescale -9 -12;
    .port_info 0 /INPUT 1 "s";
    .port_info 1 /INPUT 2 "in";
    .port_info 2 /OUTPUT 1 "out";
v0x246c180_0 .net "in", 1 0, v0x247f410_0;  1 drivers
v0x247f200_0 .var "out", 0 0;
v0x247f2c0_0 .net "s", 0 0, v0x247f5d0_0;  1 drivers
E_0x246c9a0 .event anyedge, v0x247f2c0_0, v0x246c180_0;
    .scope S_0x2446580;
T_0 ;
    %wait E_0x246c9a0;
    %load/vec4 v0x247f2c0_0;
    %dup/vec4;
    %pushi/vec4 0, 0, 1;
    %cmp/x;
    %jmp/1 T_0.0, 4;
    %dup/vec4;
    %pushi/vec4 1, 0, 1;
    %cmp/x;
    %jmp/1 T_0.1, 4;
    %pushi/vec4 1, 1, 1;
    %store/vec4 v0x247f200_0, 0, 1;
    %jmp T_0.3;
T_0.0 ;
    %load/vec4 v0x246c180_0;
    %parti/s 1, 0, 2;
    %store/vec4 v0x247f200_0, 0, 1;
    %jmp T_0.3;
T_0.1 ;
    %load/vec4 v0x246c180_0;
    %parti/s 1, 1, 2;
    %store/vec4 v0x247f200_0, 0, 1;
    %jmp T_0.3;
T_0.3 ;
    %pop/vec4 1;
    %jmp T_0;
    .thread T_0, $push;
    .scope S_0x246ba10;
T_1 ;
    %pushi/vec4 0, 0, 1;
    %store/vec4 v0x247f5d0_0, 0, 1;
    %pushi/vec4 0, 0, 2;
    %store/vec4 v0x247f410_0, 0, 2;
    %vpi_call/w 3 15 "$dumpfile", "tb_mux_2x1.vcd" {0 0 0};
    %vpi_call/w 3 16 "$dumpvars", 32'sb00000000000000000000000000000000, S_0x2446580 {0 0 0};
    %end;
    .thread T_1;
    .scope S_0x246ba10;
T_2 ;
    %delay 4000, 0;
    %load/vec4 v0x247f5d0_0;
    %pad/u 2;
    %addi 1, 0, 2;
    %pad/u 1;
    %store/vec4 v0x247f5d0_0, 0, 1;
    %jmp T_2;
    .thread T_2;
    .scope S_0x246ba10;
T_3 ;
    %delay 1000, 0;
    %load/vec4 v0x247f410_0;
    %addi 1, 0, 2;
    %store/vec4 v0x247f410_0, 0, 2;
    %jmp T_3;
    .thread T_3;
    .scope S_0x246ba10;
T_4 ;
    %vpi_call/w 3 29 "$monitor", "time=%g,s=%b,a=%b,b=%b,out=%b", $time, v0x247f5d0_0, &PV<v0x247f410_0, 1, 1>, &PV<v0x247f410_0, 0, 1>, v0x247f500_0 {0 0 0};
    %delay 16000, 0;
    %vpi_call/w 3 30 "$finish" {0 0 0};
    %end;
    .thread T_4;
# The file index is used to find the file name in the following table.
:file_names 5;
    "N/A";
    "<interactive>";
    "-";
    "testbench.sv";
    "design.sv";
