#! /usr/local/bin/vvp
:ivl_version "12.0 (stable)";
:ivl_delay_selection "TYPICAL";
:vpi_time_precision - 12;
:vpi_module "/usr/local/lib/ivl/system.vpi";
:vpi_module "/usr/local/lib/ivl/vhdl_sys.vpi";
:vpi_module "/usr/local/lib/ivl/vhdl_textio.vpi";
:vpi_module "/usr/local/lib/ivl/v2005_math.vpi";
:vpi_module "/usr/local/lib/ivl/va_math.vpi";
:vpi_module "/usr/local/lib/ivl/v2009.vpi";
S_0x32c1ccb0 .scope package, "$unit" "$unit" 2 1;
 .timescale 0 0;
S_0x32c1ce40 .scope module, "tb_dff" "tb_dff" 3 2;
 .timescale -9 -12;
v0x32c31690_0 .var "clear", 0 0;
v0x32c31750_0 .var "clk", 0 0;
v0x32c31820_0 .var "d", 0 0;
v0x32c31920_0 .net "q", 0 0, v0x32c31420_0;  1 drivers
v0x32c319f0_0 .net "qbar", 0 0, v0x32c314e0_0;  1 drivers
S_0x32bf7580 .scope module, "uut" "dff" 3 6, 4 2 0, S_0x32c1ce40;
 .timescale -9 -12;
    .port_info 0 /OUTPUT 1 "q";
    .port_info 1 /OUTPUT 1 "qbar";
    .port_info 2 /INPUT 1 "d";
    .port_info 3 /INPUT 1 "clk";
    .port_info 4 /INPUT 1 "clear";
v0x32c1d450_0 .net "clear", 0 0, v0x32c31690_0;  1 drivers
v0x32c31290_0 .net "clk", 0 0, v0x32c31750_0;  1 drivers
v0x32c31350_0 .net "d", 0 0, v0x32c31820_0;  1 drivers
v0x32c31420_0 .var "q", 0 0;
v0x32c314e0_0 .var "qbar", 0 0;
E_0x32be4b30/0 .event negedge, v0x32c1d450_0;
E_0x32be4b30/1 .event posedge, v0x32c31290_0;
E_0x32be4b30 .event/or E_0x32be4b30/0, E_0x32be4b30/1;
    .scope S_0x32bf7580;
T_0 ;
    %wait E_0x32be4b30;
    %load/vec4 v0x32c1d450_0;
    %cmpi/e 0, 0, 1;
    %jmp/0xz  T_0.0, 4;
    %pushi/vec4 0, 0, 1;
    %assign/vec4 v0x32c31420_0, 0;
    %pushi/vec4 1, 0, 1;
    %assign/vec4 v0x32c314e0_0, 0;
    %jmp T_0.1;
T_0.0 ;
    %load/vec4 v0x32c31350_0;
    %assign/vec4 v0x32c31420_0, 0;
    %load/vec4 v0x32c31350_0;
    %inv;
    %assign/vec4 v0x32c314e0_0, 0;
T_0.1 ;
    %jmp T_0;
    .thread T_0;
    .scope S_0x32c1ce40;
T_1 ;
    %pushi/vec4 0, 0, 1;
    %store/vec4 v0x32c31750_0, 0, 1;
T_1.0 ;
    %delay 5000, 0;
    %load/vec4 v0x32c31750_0;
    %inv;
    %store/vec4 v0x32c31750_0, 0, 1;
    %jmp T_1.0;
    %end;
    .thread T_1;
    .scope S_0x32c1ce40;
T_2 ;
    %pushi/vec4 0, 0, 1;
    %store/vec4 v0x32c31820_0, 0, 1;
    %pushi/vec4 1, 0, 1;
    %store/vec4 v0x32c31690_0, 0, 1;
    %pushi/vec4 0, 0, 1;
    %store/vec4 v0x32c31690_0, 0, 1;
    %delay 5000, 0;
    %pushi/vec4 1, 0, 1;
    %store/vec4 v0x32c31690_0, 0, 1;
    %vpi_call/w 3 19 "$dumpfile", "tb_dff.vcd" {0 0 0};
    %vpi_call/w 3 20 "$dumpvars", 32'sb00000000000000000000000000000000, S_0x32bf7580 {0 0 0};
    %end;
    .thread T_2;
    .scope S_0x32c1ce40;
T_3 ;
    %delay 2000, 0;
    %load/vec4 v0x32c31820_0;
    %inv;
    %store/vec4 v0x32c31820_0, 0, 1;
    %jmp T_3;
    .thread T_3;
    .scope S_0x32c1ce40;
T_4 ;
    %vpi_call/w 3 25 "$monitor", "time=%g,d=%b,clk=%b,clear=%b,q=%b,qbar=%b", $time, v0x32c31820_0, v0x32c31750_0, v0x32c31690_0, v0x32c31920_0, v0x32c319f0_0 {0 0 0};
    %delay 100000, 0;
    %vpi_call/w 3 26 "$finish" {0 0 0};
    %end;
    .thread T_4;
# The file index is used to find the file name in the following table.
:file_names 5;
    "N/A";
    "<interactive>";
    "-";
    "testbench.sv";
    "design.sv";
