#! /usr/local/bin/vvp
:ivl_version "12.0 (stable)";
:ivl_delay_selection "TYPICAL";
:vpi_time_precision - 9;
:vpi_module "/usr/local/lib/ivl/system.vpi";
:vpi_module "/usr/local/lib/ivl/vhdl_sys.vpi";
:vpi_module "/usr/local/lib/ivl/vhdl_textio.vpi";
:vpi_module "/usr/local/lib/ivl/v2005_math.vpi";
:vpi_module "/usr/local/lib/ivl/va_math.vpi";
:vpi_module "/usr/local/lib/ivl/v2009.vpi";
S_0x78b77e0 .scope package, "$unit" "$unit" 2 1;
 .timescale 0 0;
S_0x78b7970 .scope module, "tb_str" "tb_str" 3 2;
 .timescale -8 -9;
v0x78d1590_0 .var "a", 0 0;
v0x78d1650_0 .var "b", 0 0;
v0x78d1720_0 .var "c", 0 0;
v0x78d1820_0 .net "co", 0 0, v0x78d1320_0;  1 drivers
v0x78d18f0_0 .net "s", 0 0, v0x78d13e0_0;  1 drivers
S_0x7892580 .scope module, "uut" "str" 3 7, 4 3 0, S_0x78b7970;
 .timescale -8 -9;
    .port_info 0 /OUTPUT 1 "s";
    .port_info 1 /OUTPUT 1 "co";
    .port_info 2 /INPUT 1 "a";
    .port_info 3 /INPUT 1 "b";
    .port_info 4 /INPUT 1 "c";
v0x78b7e40_0 .net "a", 0 0, v0x78d1590_0;  1 drivers
v0x78d1190_0 .net "b", 0 0, v0x78d1650_0;  1 drivers
v0x78d1250_0 .net "c", 0 0, v0x78d1720_0;  1 drivers
v0x78d1320_0 .var "co", 0 0;
v0x78d13e0_0 .var "s", 0 0;
E_0x7892760 .event anyedge, v0x78b7e40_0, v0x78d1190_0, v0x78d1250_0;
    .scope S_0x7892580;
T_0 ;
    %wait E_0x7892760;
    %load/vec4 v0x78b7e40_0;
    %load/vec4 v0x78d1190_0;
    %xor;
    %load/vec4 v0x78d1250_0;
    %xor;
    %store/vec4 v0x78d13e0_0, 0, 1;
    %load/vec4 v0x78b7e40_0;
    %inv;
    %load/vec4 v0x78d1190_0;
    %and;
    %load/vec4 v0x78d1250_0;
    %load/vec4 v0x78b7e40_0;
    %load/vec4 v0x78d1190_0;
    %xor;
    %inv;
    %and;
    %or;
    %store/vec4 v0x78d1320_0, 0, 1;
    %jmp T_0;
    .thread T_0, $push;
    .scope S_0x78b7970;
T_1 ;
    %vpi_call/w 3 16 "$dumpfile", "tb_str.vcd" {0 0 0};
    %vpi_call/w 3 17 "$dumpvars", 32'sb00000000000000000000000000000000, S_0x7892580 {0 0 0};
    %vpi_call/w 3 19 "$display", "a b c | d br" {0 0 0};
    %vpi_call/w 3 20 "$display", "---------------" {0 0 0};
    %pushi/vec4 0, 0, 1;
    %store/vec4 v0x78d1590_0, 0, 1;
    %pushi/vec4 0, 0, 1;
    %store/vec4 v0x78d1650_0, 0, 1;
    %pushi/vec4 0, 0, 1;
    %store/vec4 v0x78d1720_0, 0, 1;
    %delay 100, 0;
    %vpi_call/w 3 22 "$display", "%b %b %b | %b %b", v0x78d1590_0, v0x78d1650_0, v0x78d1720_0, v0x78d18f0_0, v0x78d1820_0 {0 0 0};
    %pushi/vec4 0, 0, 1;
    %store/vec4 v0x78d1590_0, 0, 1;
    %pushi/vec4 0, 0, 1;
    %store/vec4 v0x78d1650_0, 0, 1;
    %pushi/vec4 1, 0, 1;
    %store/vec4 v0x78d1720_0, 0, 1;
    %delay 100, 0;
    %vpi_call/w 3 23 "$display", "%b %b %b | %b %b", v0x78d1590_0, v0x78d1650_0, v0x78d1720_0, v0x78d18f0_0, v0x78d1820_0 {0 0 0};
    %pushi/vec4 0, 0, 1;
    %store/vec4 v0x78d1590_0, 0, 1;
    %pushi/vec4 1, 0, 1;
    %store/vec4 v0x78d1650_0, 0, 1;
    %pushi/vec4 0, 0, 1;
    %store/vec4 v0x78d1720_0, 0, 1;
    %delay 100, 0;
    %vpi_call/w 3 24 "$display", "%b %b %b | %b %b", v0x78d1590_0, v0x78d1650_0, v0x78d1720_0, v0x78d18f0_0, v0x78d1820_0 {0 0 0};
    %pushi/vec4 0, 0, 1;
    %store/vec4 v0x78d1590_0, 0, 1;
    %pushi/vec4 1, 0, 1;
    %store/vec4 v0x78d1650_0, 0, 1;
    %pushi/vec4 1, 0, 1;
    %store/vec4 v0x78d1720_0, 0, 1;
    %delay 100, 0;
    %vpi_call/w 3 25 "$display", "%b %b %b | %b %b", v0x78d1590_0, v0x78d1650_0, v0x78d1720_0, v0x78d18f0_0, v0x78d1820_0 {0 0 0};
    %pushi/vec4 1, 0, 1;
    %store/vec4 v0x78d1590_0, 0, 1;
    %pushi/vec4 0, 0, 1;
    %store/vec4 v0x78d1650_0, 0, 1;
    %pushi/vec4 0, 0, 1;
    %store/vec4 v0x78d1720_0, 0, 1;
    %delay 100, 0;
    %vpi_call/w 3 26 "$display", "%b %b %b | %b %b", v0x78d1590_0, v0x78d1650_0, v0x78d1720_0, v0x78d18f0_0, v0x78d1820_0 {0 0 0};
    %pushi/vec4 1, 0, 1;
    %store/vec4 v0x78d1590_0, 0, 1;
    %pushi/vec4 0, 0, 1;
    %store/vec4 v0x78d1650_0, 0, 1;
    %pushi/vec4 1, 0, 1;
    %store/vec4 v0x78d1720_0, 0, 1;
    %delay 100, 0;
    %vpi_call/w 3 27 "$display", "%b %b %b | %b %b", v0x78d1590_0, v0x78d1650_0, v0x78d1720_0, v0x78d18f0_0, v0x78d1820_0 {0 0 0};
    %pushi/vec4 1, 0, 1;
    %store/vec4 v0x78d1590_0, 0, 1;
    %pushi/vec4 1, 0, 1;
    %store/vec4 v0x78d1650_0, 0, 1;
    %pushi/vec4 0, 0, 1;
    %store/vec4 v0x78d1720_0, 0, 1;
    %delay 100, 0;
    %vpi_call/w 3 28 "$display", "%b %b %b | %b %b", v0x78d1590_0, v0x78d1650_0, v0x78d1720_0, v0x78d18f0_0, v0x78d1820_0 {0 0 0};
    %pushi/vec4 1, 0, 1;
    %store/vec4 v0x78d1590_0, 0, 1;
    %pushi/vec4 1, 0, 1;
    %store/vec4 v0x78d1650_0, 0, 1;
    %pushi/vec4 1, 0, 1;
    %store/vec4 v0x78d1720_0, 0, 1;
    %delay 100, 0;
    %vpi_call/w 3 29 "$display", "%b %b %b | %b %b", v0x78d1590_0, v0x78d1650_0, v0x78d1720_0, v0x78d18f0_0, v0x78d1820_0 {0 0 0};
    %vpi_call/w 3 31 "$finish" {0 0 0};
    %end;
    .thread T_1;
# The file index is used to find the file name in the following table.
:file_names 5;
    "N/A";
    "<interactive>";
    "-";
    "testbench.sv";
    "design.sv";
