#! /usr/local/bin/vvp
:ivl_version "12.0 (stable)";
:ivl_delay_selection "TYPICAL";
:vpi_time_precision - 12;
:vpi_module "/usr/local/lib/ivl/system.vpi";
:vpi_module "/usr/local/lib/ivl/vhdl_sys.vpi";
:vpi_module "/usr/local/lib/ivl/vhdl_textio.vpi";
:vpi_module "/usr/local/lib/ivl/v2005_math.vpi";
:vpi_module "/usr/local/lib/ivl/va_math.vpi";
:vpi_module "/usr/local/lib/ivl/v2009.vpi";
S_0x287eddd0 .scope package, "$unit" "$unit" 2 1;
 .timescale 0 0;
S_0x287eda20 .scope module, "tb_demux_1x8" "tb_demux_1x8" 3 4;
 .timescale -9 -12;
v0x288215f0_0 .var/i "i", 31 0;
v0x288216d0_0 .var "in", 0 0;
v0x288217e0_0 .var/i "j", 31 0;
v0x28821880_0 .net "out", 7 0, L_0x28822a00;  1 drivers
v0x28821970_0 .var "s", 2 0;
S_0x287f61c0 .scope module, "uut" "demux_1x8" 3 9, 4 4 0, S_0x287eda20;
 .timescale -9 -12;
    .port_info 0 /INPUT 3 "s";
    .port_info 1 /INPUT 1 "in";
    .port_info 2 /OUTPUT 8 "out";
v0x28821210_0 .net "in", 0 0, v0x288216d0_0;  1 drivers
v0x288212e0_0 .net "k", 5 0, L_0x28821f80;  1 drivers
v0x288213a0_0 .net "out", 7 0, L_0x28822a00;  alias, 1 drivers
v0x28821490_0 .net "s", 2 0, v0x28821970_0;  1 drivers
L_0x28821a60 .part v0x28821970_0, 2, 1;
L_0x28821b80 .part v0x28821970_0, 1, 1;
L_0x28821c20 .part L_0x28821f80, 1, 1;
L_0x28821d20 .part v0x28821970_0, 1, 1;
L_0x28821eb0 .part L_0x28821f80, 0, 1;
L_0x28821f80 .concat8 [ 2 2 2 0], v0x2881ed30_0, v0x2881f8c0_0, v0x2881f2f0_0;
L_0x288220f0 .part v0x28821970_0, 0, 1;
L_0x28822190 .part L_0x28821f80, 5, 1;
L_0x288222f0 .part v0x28821970_0, 0, 1;
L_0x288223c0 .part L_0x28821f80, 4, 1;
L_0x288224f0 .part v0x28821970_0, 0, 1;
L_0x288225c0 .part L_0x28821f80, 3, 1;
L_0x28822700 .part v0x28821970_0, 0, 1;
L_0x288228e0 .part L_0x28821f80, 2, 1;
L_0x28822a00 .concat8 [ 2 2 2 2], v0x28820fe0_0, v0x28820a20_0, v0x28820490_0, v0x2881fe80_0;
S_0x287f5e10 .scope module, "m0" "demux_1x2" 4 9, 4 18 0, S_0x287f61c0;
 .timescale -9 -12;
    .port_info 0 /INPUT 1 "s";
    .port_info 1 /INPUT 1 "in";
    .port_info 2 /OUTPUT 2 "out";
v0x287fe320_0 .net "in", 0 0, v0x288216d0_0;  alias, 1 drivers
v0x2881ed30_0 .var "out", 1 0;
v0x2881ee10_0 .net "s", 0 0, L_0x28821a60;  1 drivers
E_0x287f58d0 .event anyedge, v0x2881ee10_0, v0x287fe320_0;
S_0x2881ef60 .scope module, "m1" "demux_1x2" 4 10, 4 18 0, S_0x287f61c0;
 .timescale -9 -12;
    .port_info 0 /INPUT 1 "s";
    .port_info 1 /INPUT 1 "in";
    .port_info 2 /OUTPUT 2 "out";
v0x2881f210_0 .net "in", 0 0, L_0x28821c20;  1 drivers
v0x2881f2f0_0 .var "out", 1 0;
v0x2881f3d0_0 .net "s", 0 0, L_0x28821b80;  1 drivers
E_0x2881f190 .event anyedge, v0x2881f3d0_0, v0x2881f210_0;
S_0x2881f520 .scope module, "m2" "demux_1x2" 4 11, 4 18 0, S_0x287f61c0;
 .timescale -9 -12;
    .port_info 0 /INPUT 1 "s";
    .port_info 1 /INPUT 1 "in";
    .port_info 2 /OUTPUT 2 "out";
v0x2881f7e0_0 .net "in", 0 0, L_0x28821eb0;  1 drivers
v0x2881f8c0_0 .var "out", 1 0;
v0x2881f9a0_0 .net "s", 0 0, L_0x28821d20;  1 drivers
E_0x2881f780 .event anyedge, v0x2881f9a0_0, v0x2881f7e0_0;
S_0x2881faf0 .scope module, "m3" "demux_1x2" 4 12, 4 18 0, S_0x287f61c0;
 .timescale -9 -12;
    .port_info 0 /INPUT 1 "s";
    .port_info 1 /INPUT 1 "in";
    .port_info 2 /OUTPUT 2 "out";
v0x2881fda0_0 .net "in", 0 0, L_0x28822190;  1 drivers
v0x2881fe80_0 .var "out", 1 0;
v0x2881ff60_0 .net "s", 0 0, L_0x288220f0;  1 drivers
E_0x2881fd20 .event anyedge, v0x2881ff60_0, v0x2881fda0_0;
S_0x288200b0 .scope module, "m4" "demux_1x2" 4 13, 4 18 0, S_0x287f61c0;
 .timescale -9 -12;
    .port_info 0 /INPUT 1 "s";
    .port_info 1 /INPUT 1 "in";
    .port_info 2 /OUTPUT 2 "out";
v0x288203b0_0 .net "in", 0 0, L_0x288223c0;  1 drivers
v0x28820490_0 .var "out", 1 0;
v0x28820570_0 .net "s", 0 0, L_0x288222f0;  1 drivers
E_0x28820330 .event anyedge, v0x28820570_0, v0x288203b0_0;
S_0x28820690 .scope module, "m5" "demux_1x2" 4 14, 4 18 0, S_0x287f61c0;
 .timescale -9 -12;
    .port_info 0 /INPUT 1 "s";
    .port_info 1 /INPUT 1 "in";
    .port_info 2 /OUTPUT 2 "out";
v0x28820940_0 .net "in", 0 0, L_0x288225c0;  1 drivers
v0x28820a20_0 .var "out", 1 0;
v0x28820b00_0 .net "s", 0 0, L_0x288224f0;  1 drivers
E_0x288208c0 .event anyedge, v0x28820b00_0, v0x28820940_0;
S_0x28820c50 .scope module, "m6" "demux_1x2" 4 15, 4 18 0, S_0x287f61c0;
 .timescale -9 -12;
    .port_info 0 /INPUT 1 "s";
    .port_info 1 /INPUT 1 "in";
    .port_info 2 /OUTPUT 2 "out";
v0x28820f00_0 .net "in", 0 0, L_0x288228e0;  1 drivers
v0x28820fe0_0 .var "out", 1 0;
v0x288210c0_0 .net "s", 0 0, L_0x28822700;  1 drivers
E_0x28820e80 .event anyedge, v0x288210c0_0, v0x28820f00_0;
    .scope S_0x287f5e10;
T_0 ;
    %wait E_0x287f58d0;
    %load/vec4 v0x2881ee10_0;
    %dup/vec4;
    %pushi/vec4 0, 0, 1;
    %cmp/x;
    %jmp/1 T_0.0, 4;
    %dup/vec4;
    %pushi/vec4 1, 0, 1;
    %cmp/x;
    %jmp/1 T_0.1, 4;
    %pushi/vec4 3, 3, 2;
    %store/vec4 v0x2881ed30_0, 0, 2;
    %jmp T_0.3;
T_0.0 ;
    %load/vec4 v0x287fe320_0;
    %ix/load 4, 0, 0;
    %flag_set/imm 4, 0;
    %store/vec4 v0x2881ed30_0, 4, 1;
    %pushi/vec4 0, 0, 1;
    %ix/load 4, 1, 0;
    %flag_set/imm 4, 0;
    %store/vec4 v0x2881ed30_0, 4, 1;
    %jmp T_0.3;
T_0.1 ;
    %load/vec4 v0x287fe320_0;
    %ix/load 4, 1, 0;
    %flag_set/imm 4, 0;
    %store/vec4 v0x2881ed30_0, 4, 1;
    %pushi/vec4 0, 0, 1;
    %ix/load 4, 0, 0;
    %flag_set/imm 4, 0;
    %store/vec4 v0x2881ed30_0, 4, 1;
    %jmp T_0.3;
T_0.3 ;
    %pop/vec4 1;
    %jmp T_0;
    .thread T_0, $push;
    .scope S_0x2881ef60;
T_1 ;
    %wait E_0x2881f190;
    %load/vec4 v0x2881f3d0_0;
    %dup/vec4;
    %pushi/vec4 0, 0, 1;
    %cmp/x;
    %jmp/1 T_1.0, 4;
    %dup/vec4;
    %pushi/vec4 1, 0, 1;
    %cmp/x;
    %jmp/1 T_1.1, 4;
    %pushi/vec4 3, 3, 2;
    %store/vec4 v0x2881f2f0_0, 0, 2;
    %jmp T_1.3;
T_1.0 ;
    %load/vec4 v0x2881f210_0;
    %ix/load 4, 0, 0;
    %flag_set/imm 4, 0;
    %store/vec4 v0x2881f2f0_0, 4, 1;
    %pushi/vec4 0, 0, 1;
    %ix/load 4, 1, 0;
    %flag_set/imm 4, 0;
    %store/vec4 v0x2881f2f0_0, 4, 1;
    %jmp T_1.3;
T_1.1 ;
    %load/vec4 v0x2881f210_0;
    %ix/load 4, 1, 0;
    %flag_set/imm 4, 0;
    %store/vec4 v0x2881f2f0_0, 4, 1;
    %pushi/vec4 0, 0, 1;
    %ix/load 4, 0, 0;
    %flag_set/imm 4, 0;
    %store/vec4 v0x2881f2f0_0, 4, 1;
    %jmp T_1.3;
T_1.3 ;
    %pop/vec4 1;
    %jmp T_1;
    .thread T_1, $push;
    .scope S_0x2881f520;
T_2 ;
    %wait E_0x2881f780;
    %load/vec4 v0x2881f9a0_0;
    %dup/vec4;
    %pushi/vec4 0, 0, 1;
    %cmp/x;
    %jmp/1 T_2.0, 4;
    %dup/vec4;
    %pushi/vec4 1, 0, 1;
    %cmp/x;
    %jmp/1 T_2.1, 4;
    %pushi/vec4 3, 3, 2;
    %store/vec4 v0x2881f8c0_0, 0, 2;
    %jmp T_2.3;
T_2.0 ;
    %load/vec4 v0x2881f7e0_0;
    %ix/load 4, 0, 0;
    %flag_set/imm 4, 0;
    %store/vec4 v0x2881f8c0_0, 4, 1;
    %pushi/vec4 0, 0, 1;
    %ix/load 4, 1, 0;
    %flag_set/imm 4, 0;
    %store/vec4 v0x2881f8c0_0, 4, 1;
    %jmp T_2.3;
T_2.1 ;
    %load/vec4 v0x2881f7e0_0;
    %ix/load 4, 1, 0;
    %flag_set/imm 4, 0;
    %store/vec4 v0x2881f8c0_0, 4, 1;
    %pushi/vec4 0, 0, 1;
    %ix/load 4, 0, 0;
    %flag_set/imm 4, 0;
    %store/vec4 v0x2881f8c0_0, 4, 1;
    %jmp T_2.3;
T_2.3 ;
    %pop/vec4 1;
    %jmp T_2;
    .thread T_2, $push;
    .scope S_0x2881faf0;
T_3 ;
    %wait E_0x2881fd20;
    %load/vec4 v0x2881ff60_0;
    %dup/vec4;
    %pushi/vec4 0, 0, 1;
    %cmp/x;
    %jmp/1 T_3.0, 4;
    %dup/vec4;
    %pushi/vec4 1, 0, 1;
    %cmp/x;
    %jmp/1 T_3.1, 4;
    %pushi/vec4 3, 3, 2;
    %store/vec4 v0x2881fe80_0, 0, 2;
    %jmp T_3.3;
T_3.0 ;
    %load/vec4 v0x2881fda0_0;
    %ix/load 4, 0, 0;
    %flag_set/imm 4, 0;
    %store/vec4 v0x2881fe80_0, 4, 1;
    %pushi/vec4 0, 0, 1;
    %ix/load 4, 1, 0;
    %flag_set/imm 4, 0;
    %store/vec4 v0x2881fe80_0, 4, 1;
    %jmp T_3.3;
T_3.1 ;
    %load/vec4 v0x2881fda0_0;
    %ix/load 4, 1, 0;
    %flag_set/imm 4, 0;
    %store/vec4 v0x2881fe80_0, 4, 1;
    %pushi/vec4 0, 0, 1;
    %ix/load 4, 0, 0;
    %flag_set/imm 4, 0;
    %store/vec4 v0x2881fe80_0, 4, 1;
    %jmp T_3.3;
T_3.3 ;
    %pop/vec4 1;
    %jmp T_3;
    .thread T_3, $push;
    .scope S_0x288200b0;
T_4 ;
    %wait E_0x28820330;
    %load/vec4 v0x28820570_0;
    %dup/vec4;
    %pushi/vec4 0, 0, 1;
    %cmp/x;
    %jmp/1 T_4.0, 4;
    %dup/vec4;
    %pushi/vec4 1, 0, 1;
    %cmp/x;
    %jmp/1 T_4.1, 4;
    %pushi/vec4 3, 3, 2;
    %store/vec4 v0x28820490_0, 0, 2;
    %jmp T_4.3;
T_4.0 ;
    %load/vec4 v0x288203b0_0;
    %ix/load 4, 0, 0;
    %flag_set/imm 4, 0;
    %store/vec4 v0x28820490_0, 4, 1;
    %pushi/vec4 0, 0, 1;
    %ix/load 4, 1, 0;
    %flag_set/imm 4, 0;
    %store/vec4 v0x28820490_0, 4, 1;
    %jmp T_4.3;
T_4.1 ;
    %load/vec4 v0x288203b0_0;
    %ix/load 4, 1, 0;
    %flag_set/imm 4, 0;
    %store/vec4 v0x28820490_0, 4, 1;
    %pushi/vec4 0, 0, 1;
    %ix/load 4, 0, 0;
    %flag_set/imm 4, 0;
    %store/vec4 v0x28820490_0, 4, 1;
    %jmp T_4.3;
T_4.3 ;
    %pop/vec4 1;
    %jmp T_4;
    .thread T_4, $push;
    .scope S_0x28820690;
T_5 ;
    %wait E_0x288208c0;
    %load/vec4 v0x28820b00_0;
    %dup/vec4;
    %pushi/vec4 0, 0, 1;
    %cmp/x;
    %jmp/1 T_5.0, 4;
    %dup/vec4;
    %pushi/vec4 1, 0, 1;
    %cmp/x;
    %jmp/1 T_5.1, 4;
    %pushi/vec4 3, 3, 2;
    %store/vec4 v0x28820a20_0, 0, 2;
    %jmp T_5.3;
T_5.0 ;
    %load/vec4 v0x28820940_0;
    %ix/load 4, 0, 0;
    %flag_set/imm 4, 0;
    %store/vec4 v0x28820a20_0, 4, 1;
    %pushi/vec4 0, 0, 1;
    %ix/load 4, 1, 0;
    %flag_set/imm 4, 0;
    %store/vec4 v0x28820a20_0, 4, 1;
    %jmp T_5.3;
T_5.1 ;
    %load/vec4 v0x28820940_0;
    %ix/load 4, 1, 0;
    %flag_set/imm 4, 0;
    %store/vec4 v0x28820a20_0, 4, 1;
    %pushi/vec4 0, 0, 1;
    %ix/load 4, 0, 0;
    %flag_set/imm 4, 0;
    %store/vec4 v0x28820a20_0, 4, 1;
    %jmp T_5.3;
T_5.3 ;
    %pop/vec4 1;
    %jmp T_5;
    .thread T_5, $push;
    .scope S_0x28820c50;
T_6 ;
    %wait E_0x28820e80;
    %load/vec4 v0x288210c0_0;
    %dup/vec4;
    %pushi/vec4 0, 0, 1;
    %cmp/x;
    %jmp/1 T_6.0, 4;
    %dup/vec4;
    %pushi/vec4 1, 0, 1;
    %cmp/x;
    %jmp/1 T_6.1, 4;
    %pushi/vec4 3, 3, 2;
    %store/vec4 v0x28820fe0_0, 0, 2;
    %jmp T_6.3;
T_6.0 ;
    %load/vec4 v0x28820f00_0;
    %ix/load 4, 0, 0;
    %flag_set/imm 4, 0;
    %store/vec4 v0x28820fe0_0, 4, 1;
    %pushi/vec4 0, 0, 1;
    %ix/load 4, 1, 0;
    %flag_set/imm 4, 0;
    %store/vec4 v0x28820fe0_0, 4, 1;
    %jmp T_6.3;
T_6.1 ;
    %load/vec4 v0x28820f00_0;
    %ix/load 4, 1, 0;
    %flag_set/imm 4, 0;
    %store/vec4 v0x28820fe0_0, 4, 1;
    %pushi/vec4 0, 0, 1;
    %ix/load 4, 0, 0;
    %flag_set/imm 4, 0;
    %store/vec4 v0x28820fe0_0, 4, 1;
    %jmp T_6.3;
T_6.3 ;
    %pop/vec4 1;
    %jmp T_6;
    .thread T_6, $push;
    .scope S_0x287eda20;
T_7 ;
    %pushi/vec4 0, 0, 3;
    %store/vec4 v0x28821970_0, 0, 3;
    %pushi/vec4 0, 0, 1;
    %store/vec4 v0x288216d0_0, 0, 1;
    %vpi_call/w 3 15 "$dumpfile", "tb_demux_1x8.vcd" {0 0 0};
    %vpi_call/w 3 16 "$dumpvars", 32'sb00000000000000000000000000000000, S_0x287f61c0 {0 0 0};
    %end;
    .thread T_7;
    .scope S_0x287eda20;
T_8 ;
    %pushi/vec4 0, 0, 32;
    %store/vec4 v0x288215f0_0, 0, 32;
T_8.0 ;
    %load/vec4 v0x288215f0_0;
    %cmpi/s 8, 0, 32;
    %jmp/0xz T_8.1, 5;
    %load/vec4 v0x288215f0_0;
    %pad/s 3;
    %store/vec4 v0x28821970_0, 0, 3;
    %pushi/vec4 0, 0, 32;
    %store/vec4 v0x288217e0_0, 0, 32;
T_8.2 ;
    %load/vec4 v0x288217e0_0;
    %cmpi/s 1, 0, 32;
    %flag_or 5, 4;
    %jmp/0xz T_8.3, 5;
    %load/vec4 v0x288217e0_0;
    %pad/s 1;
    %store/vec4 v0x288216d0_0, 0, 1;
    %delay 2000, 0;
    %load/vec4 v0x288217e0_0;
    %addi 1, 0, 32;
    %store/vec4 v0x288217e0_0, 0, 32;
    %jmp T_8.2;
T_8.3 ;
    %load/vec4 v0x288215f0_0;
    %addi 1, 0, 32;
    %store/vec4 v0x288215f0_0, 0, 32;
    %jmp T_8.0;
T_8.1 ;
    %end;
    .thread T_8;
    .scope S_0x287eda20;
T_9 ;
    %vpi_call/w 3 29 "$monitor", "time=%g,s=%b,in=%b,out=%b", $time, v0x28821970_0, v0x288216d0_0, v0x28821880_0 {0 0 0};
    %delay 32000, 0;
    %vpi_call/w 3 30 "$finish" {0 0 0};
    %end;
    .thread T_9;
# The file index is used to find the file name in the following table.
:file_names 5;
    "N/A";
    "<interactive>";
    "-";
    "testbench.sv";
    "design.sv";
