#! /usr/local/bin/vvp
:ivl_version "12.0 (stable)";
:ivl_delay_selection "TYPICAL";
:vpi_time_precision - 12;
:vpi_module "/usr/local/lib/ivl/system.vpi";
:vpi_module "/usr/local/lib/ivl/vhdl_sys.vpi";
:vpi_module "/usr/local/lib/ivl/vhdl_textio.vpi";
:vpi_module "/usr/local/lib/ivl/v2005_math.vpi";
:vpi_module "/usr/local/lib/ivl/va_math.vpi";
:vpi_module "/usr/local/lib/ivl/v2009.vpi";
S_0x66b0d70 .scope package, "$unit" "$unit" 2 1;
 .timescale 0 0;
S_0x66b0f00 .scope module, "tb_mux_2x1" "tb_mux_2x1" 3 4;
 .timescale -9 -12;
v0x66c6c80_0 .var/i "i", 31 0;
v0x66c6d60_0 .var "in", 0 0;
v0x66c6e50_0 .var/i "j", 31 0;
v0x66c6f20_0 .net "out", 1 0, v0x66c6a50_0;  1 drivers
v0x66c6ff0_0 .var "s", 0 0;
S_0x668b580 .scope module, "uut" "demux_1x2" 3 9, 4 3 0, S_0x66b0f00;
 .timescale -9 -12;
    .port_info 0 /INPUT 1 "s";
    .port_info 1 /INPUT 1 "in";
    .port_info 2 /OUTPUT 2 "out";
v0x66b1a40_0 .net "in", 0 0, v0x66c6d60_0;  1 drivers
v0x66c6a50_0 .var "out", 1 0;
v0x66c6b30_0 .net "s", 0 0, v0x66c6ff0_0;  1 drivers
E_0x668b7b0 .event anyedge, v0x66c6b30_0, v0x66b1a40_0;
    .scope S_0x668b580;
T_0 ;
    %wait E_0x668b7b0;
    %load/vec4 v0x66c6b30_0;
    %dup/vec4;
    %pushi/vec4 0, 0, 1;
    %cmp/x;
    %jmp/1 T_0.0, 4;
    %dup/vec4;
    %pushi/vec4 1, 0, 1;
    %cmp/x;
    %jmp/1 T_0.1, 4;
    %pushi/vec4 3, 3, 2;
    %store/vec4 v0x66c6a50_0, 0, 2;
    %jmp T_0.3;
T_0.0 ;
    %load/vec4 v0x66b1a40_0;
    %ix/load 4, 0, 0;
    %flag_set/imm 4, 0;
    %store/vec4 v0x66c6a50_0, 4, 1;
    %pushi/vec4 0, 0, 1;
    %ix/load 4, 1, 0;
    %flag_set/imm 4, 0;
    %store/vec4 v0x66c6a50_0, 4, 1;
    %jmp T_0.3;
T_0.1 ;
    %load/vec4 v0x66b1a40_0;
    %ix/load 4, 1, 0;
    %flag_set/imm 4, 0;
    %store/vec4 v0x66c6a50_0, 4, 1;
    %pushi/vec4 0, 0, 1;
    %ix/load 4, 0, 0;
    %flag_set/imm 4, 0;
    %store/vec4 v0x66c6a50_0, 4, 1;
    %jmp T_0.3;
T_0.3 ;
    %pop/vec4 1;
    %jmp T_0;
    .thread T_0, $push;
    .scope S_0x66b0f00;
T_1 ;
    %pushi/vec4 0, 0, 1;
    %store/vec4 v0x66c6ff0_0, 0, 1;
    %pushi/vec4 0, 0, 1;
    %store/vec4 v0x66c6d60_0, 0, 1;
    %vpi_call/w 3 15 "$dumpfile", "tb_demux_1x2.vcd" {0 0 0};
    %vpi_call/w 3 16 "$dumpvars", 32'sb00000000000000000000000000000000, S_0x668b580 {0 0 0};
    %end;
    .thread T_1;
    .scope S_0x66b0f00;
T_2 ;
    %pushi/vec4 0, 0, 32;
    %store/vec4 v0x66c6c80_0, 0, 32;
T_2.0 ;
    %load/vec4 v0x66c6c80_0;
    %cmpi/s 1, 0, 32;
    %flag_or 5, 4;
    %jmp/0xz T_2.1, 5;
    %load/vec4 v0x66c6c80_0;
    %pad/s 1;
    %store/vec4 v0x66c6ff0_0, 0, 1;
    %pushi/vec4 0, 0, 32;
    %store/vec4 v0x66c6e50_0, 0, 32;
T_2.2 ;
    %load/vec4 v0x66c6e50_0;
    %cmpi/s 1, 0, 32;
    %flag_or 5, 4;
    %jmp/0xz T_2.3, 5;
    %load/vec4 v0x66c6e50_0;
    %pad/s 1;
    %store/vec4 v0x66c6d60_0, 0, 1;
    %delay 2000, 0;
    %load/vec4 v0x66c6e50_0;
    %addi 1, 0, 32;
    %store/vec4 v0x66c6e50_0, 0, 32;
    %jmp T_2.2;
T_2.3 ;
    %load/vec4 v0x66c6c80_0;
    %addi 1, 0, 32;
    %store/vec4 v0x66c6c80_0, 0, 32;
    %jmp T_2.0;
T_2.1 ;
    %end;
    .thread T_2;
    .scope S_0x66b0f00;
T_3 ;
    %vpi_call/w 3 29 "$monitor", "time=%g,s=%b,in=%b,out1=%b,out2=%b", $time, v0x66c6ff0_0, v0x66c6d60_0, &PV<v0x66c6f20_0, 1, 1>, &PV<v0x66c6f20_0, 0, 1> {0 0 0};
    %delay 8000, 0;
    %vpi_call/w 3 30 "$finish" {0 0 0};
    %end;
    .thread T_3;
# The file index is used to find the file name in the following table.
:file_names 5;
    "N/A";
    "<interactive>";
    "-";
    "testbench.sv";
    "design.sv";
