#! /usr/local/bin/vvp
:ivl_version "12.0 (stable)";
:ivl_delay_selection "TYPICAL";
:vpi_time_precision - 12;
:vpi_module "/usr/local/lib/ivl/system.vpi";
:vpi_module "/usr/local/lib/ivl/vhdl_sys.vpi";
:vpi_module "/usr/local/lib/ivl/vhdl_textio.vpi";
:vpi_module "/usr/local/lib/ivl/v2005_math.vpi";
:vpi_module "/usr/local/lib/ivl/va_math.vpi";
:vpi_module "/usr/local/lib/ivl/v2009.vpi";
S_0x34658790 .scope package, "$unit" "$unit" 2 1;
 .timescale 0 0;
S_0x34667f90 .scope module, "tb_sipo" "tb_sipo" 3 2;
 .timescale -9 -12;
v0x3467df80_0 .var "clear", 0 0;
v0x3467e040_0 .var "clk", 0 0;
v0x3467e110_0 .var "d", 0 0;
v0x3467e210_0 .var/i "i", 31 0;
v0x3467e2b0_0 .net "q", 3 0, v0x3467dcf0_0;  1 drivers
v0x3467e3a0_0 .var/i "seed", 31 0;
S_0x34668120 .scope module, "uut" "sipo" 3 8, 4 2 0, S_0x34667f90;
 .timescale -9 -12;
    .port_info 0 /INPUT 1 "clk";
    .port_info 1 /INPUT 1 "clear";
    .port_info 2 /INPUT 1 "d";
    .port_info 3 /OUTPUT 4 "q";
v0x34668cd0_0 .net "clear", 0 0, v0x3467df80_0;  1 drivers
v0x3467db60_0 .net "clk", 0 0, v0x3467e040_0;  1 drivers
v0x3467dc20_0 .net "d", 0 0, v0x3467e110_0;  1 drivers
v0x3467dcf0_0 .var "q", 3 0;
v0x3467ddd0_0 .var "temp", 3 0;
E_0x34668370 .event posedge, v0x3467db60_0;
    .scope S_0x34668120;
T_0 ;
    %wait E_0x34668370;
    %load/vec4 v0x34668cd0_0;
    %nor/r;
    %flag_set/vec4 8;
    %jmp/0xz  T_0.0, 8;
    %pushi/vec4 0, 0, 4;
    %assign/vec4 v0x3467dcf0_0, 0;
    %jmp T_0.1;
T_0.0 ;
    %load/vec4 v0x3467dcf0_0;
    %ix/load 4, 1, 0;
    %flag_set/imm 4, 0;
    %shiftr 4;
    %store/vec4 v0x3467ddd0_0, 0, 4;
    %load/vec4 v0x3467dc20_0;
    %load/vec4 v0x3467ddd0_0;
    %parti/s 3, 0, 2;
    %concat/vec4; draw_concat_vec4
    %assign/vec4 v0x3467dcf0_0, 0;
T_0.1 ;
    %jmp T_0;
    .thread T_0;
    .scope S_0x34667f90;
T_1 ;
    %pushi/vec4 123, 0, 32;
    %store/vec4 v0x3467e3a0_0, 0, 32;
    %end;
    .thread T_1, $init;
    .scope S_0x34667f90;
T_2 ;
    %pushi/vec4 0, 0, 1;
    %store/vec4 v0x3467e040_0, 0, 1;
T_2.0 ;
    %delay 5000, 0;
    %load/vec4 v0x3467e040_0;
    %inv;
    %store/vec4 v0x3467e040_0, 0, 1;
    %jmp T_2.0;
    %end;
    .thread T_2;
    .scope S_0x34667f90;
T_3 ;
    %pushi/vec4 0, 0, 1;
    %store/vec4 v0x3467df80_0, 0, 1;
    %pushi/vec4 0, 0, 1;
    %store/vec4 v0x3467e110_0, 0, 1;
    %delay 12000, 0;
    %pushi/vec4 1, 0, 1;
    %store/vec4 v0x3467df80_0, 0, 1;
    %pushi/vec4 0, 0, 32;
    %store/vec4 v0x3467e210_0, 0, 32;
T_3.0 ;
    %load/vec4 v0x3467e210_0;
    %cmpi/s 8, 0, 32;
    %jmp/0xz T_3.1, 5;
    %vpi_func 3 26 "$random" 32, v0x3467e3a0_0 {0 0 0};
    %pushi/vec4 2, 0, 32;
    %mod/s;
    %pad/s 1;
    %store/vec4 v0x3467e110_0, 0, 1;
    %delay 10000, 0;
    %load/vec4 v0x3467e210_0;
    %addi 1, 0, 32;
    %store/vec4 v0x3467e210_0, 0, 32;
    %jmp T_3.0;
T_3.1 ;
    %delay 100000, 0;
    %vpi_call/w 3 30 "$finish" {0 0 0};
    %end;
    .thread T_3;
    .scope S_0x34667f90;
T_4 ;
    %vpi_call/w 3 34 "$dumpfile", "tb_sipo.vcd" {0 0 0};
    %vpi_call/w 3 35 "$dumpvars", 32'sb00000000000000000000000000000000, S_0x34668120 {0 0 0};
    %vpi_call/w 3 36 "$monitor", "time=%0t | clk=%b | clear=%b | d=%b | q=%b", $time, v0x3467e040_0, v0x3467df80_0, v0x3467e110_0, v0x3467e2b0_0 {0 0 0};
    %end;
    .thread T_4;
# The file index is used to find the file name in the following table.
:file_names 5;
    "N/A";
    "<interactive>";
    "-";
    "testbench.sv";
    "design.sv";
