#! /usr/local/bin/vvp
:ivl_version "12.0 (stable)";
:ivl_delay_selection "TYPICAL";
:vpi_time_precision - 12;
:vpi_module "/usr/local/lib/ivl/system.vpi";
:vpi_module "/usr/local/lib/ivl/vhdl_sys.vpi";
:vpi_module "/usr/local/lib/ivl/vhdl_textio.vpi";
:vpi_module "/usr/local/lib/ivl/v2005_math.vpi";
:vpi_module "/usr/local/lib/ivl/va_math.vpi";
:vpi_module "/usr/local/lib/ivl/v2009.vpi";
S_0x3b6d5410 .scope package, "$unit" "$unit" 2 1;
 .timescale 0 0;
S_0x3b6d55a0 .scope module, "tb_priority_encoder" "tb_priority_encoder" 3 2;
 .timescale -9 -12;
v0x3b6e96f0_0 .var/i "i", 31 0;
v0x3b6e97d0_0 .var "in", 7 0;
v0x3b6e98c0_0 .net "out", 2 0, v0x3b6e95b0_0;  1 drivers
S_0x3b6af580 .scope module, "uut" "priority_encoder" 3 8, 4 2 0, S_0x3b6d55a0;
 .timescale -9 -12;
    .port_info 0 /INPUT 8 "in";
    .port_info 1 /OUTPUT 3 "out";
v0x3b6af7a0_0 .net "in", 7 0, v0x3b6e97d0_0;  1 drivers
v0x3b6e95b0_0 .var "out", 2 0;
E_0x3b6af760 .event anyedge, v0x3b6af7a0_0;
    .scope S_0x3b6af580;
T_0 ;
    %wait E_0x3b6af760;
    %load/vec4 v0x3b6af7a0_0;
    %dup/vec4;
    %pushi/vec4 1, 0, 8;
    %cmp/x;
    %jmp/1 T_0.0, 4;
    %dup/vec4;
    %pushi/vec4 3, 1, 8;
    %cmp/x;
    %jmp/1 T_0.1, 4;
    %dup/vec4;
    %pushi/vec4 7, 3, 8;
    %cmp/x;
    %jmp/1 T_0.2, 4;
    %dup/vec4;
    %pushi/vec4 15, 7, 8;
    %cmp/x;
    %jmp/1 T_0.3, 4;
    %dup/vec4;
    %pushi/vec4 31, 15, 8;
    %cmp/x;
    %jmp/1 T_0.4, 4;
    %dup/vec4;
    %pushi/vec4 63, 31, 8;
    %cmp/x;
    %jmp/1 T_0.5, 4;
    %dup/vec4;
    %pushi/vec4 127, 63, 8;
    %cmp/x;
    %jmp/1 T_0.6, 4;
    %dup/vec4;
    %pushi/vec4 255, 127, 8;
    %cmp/x;
    %jmp/1 T_0.7, 4;
    %pushi/vec4 7, 7, 3;
    %store/vec4 v0x3b6e95b0_0, 0, 3;
    %jmp T_0.9;
T_0.0 ;
    %pushi/vec4 0, 0, 3;
    %store/vec4 v0x3b6e95b0_0, 0, 3;
    %jmp T_0.9;
T_0.1 ;
    %pushi/vec4 1, 0, 3;
    %store/vec4 v0x3b6e95b0_0, 0, 3;
    %jmp T_0.9;
T_0.2 ;
    %pushi/vec4 2, 0, 3;
    %store/vec4 v0x3b6e95b0_0, 0, 3;
    %jmp T_0.9;
T_0.3 ;
    %pushi/vec4 3, 0, 3;
    %store/vec4 v0x3b6e95b0_0, 0, 3;
    %jmp T_0.9;
T_0.4 ;
    %pushi/vec4 4, 0, 3;
    %store/vec4 v0x3b6e95b0_0, 0, 3;
    %jmp T_0.9;
T_0.5 ;
    %pushi/vec4 5, 0, 3;
    %store/vec4 v0x3b6e95b0_0, 0, 3;
    %jmp T_0.9;
T_0.6 ;
    %pushi/vec4 6, 0, 3;
    %store/vec4 v0x3b6e95b0_0, 0, 3;
    %jmp T_0.9;
T_0.7 ;
    %pushi/vec4 7, 0, 3;
    %store/vec4 v0x3b6e95b0_0, 0, 3;
    %jmp T_0.9;
T_0.9 ;
    %pop/vec4 1;
    %jmp T_0;
    .thread T_0, $push;
    .scope S_0x3b6d55a0;
T_1 ;
    %vpi_call/w 3 11 "$dumpfile", "tb_priority_encoder.vcd" {0 0 0};
    %vpi_call/w 3 12 "$dumpvars", 32'sb00000000000000000000000000000000, S_0x3b6af580 {0 0 0};
    %end;
    .thread T_1;
    .scope S_0x3b6d55a0;
T_2 ;
    %pushi/vec4 0, 0, 8;
    %store/vec4 v0x3b6e97d0_0, 0, 8;
    %delay 2000, 0;
    %pushi/vec4 0, 0, 32;
    %store/vec4 v0x3b6e96f0_0, 0, 32;
T_2.0 ;
    %load/vec4 v0x3b6e96f0_0;
    %cmpi/s 256, 0, 32;
    %jmp/0xz T_2.1, 5;
    %load/vec4 v0x3b6e97d0_0;
    %addi 1, 0, 8;
    %store/vec4 v0x3b6e97d0_0, 0, 8;
    %delay 2000, 0;
    %load/vec4 v0x3b6e96f0_0;
    %addi 1, 0, 32;
    %store/vec4 v0x3b6e96f0_0, 0, 32;
    %jmp T_2.0;
T_2.1 ;
    %end;
    .thread T_2;
    .scope S_0x3b6d55a0;
T_3 ;
    %vpi_call/w 3 25 "$monitor", "time=%g | in=%b | out=%b", $time, v0x3b6e97d0_0, v0x3b6e98c0_0 {0 0 0};
    %delay 512000, 0;
    %vpi_call/w 3 26 "$finish" {0 0 0};
    %end;
    .thread T_3;
# The file index is used to find the file name in the following table.
:file_names 5;
    "N/A";
    "<interactive>";
    "-";
    "testbench.sv";
    "design.sv";
