#! /usr/local/bin/vvp
:ivl_version "12.0 (stable)";
:ivl_delay_selection "TYPICAL";
:vpi_time_precision - 12;
:vpi_module "/usr/local/lib/ivl/system.vpi";
:vpi_module "/usr/local/lib/ivl/vhdl_sys.vpi";
:vpi_module "/usr/local/lib/ivl/vhdl_textio.vpi";
:vpi_module "/usr/local/lib/ivl/v2005_math.vpi";
:vpi_module "/usr/local/lib/ivl/va_math.vpi";
:vpi_module "/usr/local/lib/ivl/v2009.vpi";
S_0x211af580 .scope package, "$unit" "$unit" 2 1;
 .timescale 0 0;
S_0x211af710 .scope module, "tb_up_down_counter_3to12" "tb_up_down_counter_3to12" 3 2;
 .timescale -9 -12;
v0x211ed160_0 .var "clk", 0 0;
v0x211ed220_0 .var "d", 3 0;
v0x211ed2f0_0 .var "load", 0 0;
v0x211ed3f0_0 .net "q", 3 0, v0x211ecdb0_0;  1 drivers
v0x211ed4c0_0 .var "reset", 0 0;
v0x211ed5b0_0 .var "up_down", 0 0;
S_0x211d5d40 .scope module, "uut" "up_down_counter_3to12" 3 11, 4 2 0, S_0x211af710;
 .timescale -9 -12;
    .port_info 0 /INPUT 1 "clk";
    .port_info 1 /INPUT 1 "reset";
    .port_info 2 /INPUT 1 "up_down";
    .port_info 3 /INPUT 1 "load";
    .port_info 4 /INPUT 4 "d";
    .port_info 5 /OUTPUT 4 "q";
v0x211d5f20_0 .net "clk", 0 0, v0x211ed160_0;  1 drivers
v0x211ecc00_0 .net "d", 3 0, v0x211ed220_0;  1 drivers
v0x211ecce0_0 .net "load", 0 0, v0x211ed2f0_0;  1 drivers
v0x211ecdb0_0 .var "q", 3 0;
v0x211ece90_0 .net "reset", 0 0, v0x211ed4c0_0;  1 drivers
v0x211ecfa0_0 .net "up_down", 0 0, v0x211ed5b0_0;  1 drivers
E_0x211d4140 .event posedge, v0x211d5f20_0;
    .scope S_0x211d5d40;
T_0 ;
    %wait E_0x211d4140;
    %load/vec4 v0x211ece90_0;
    %flag_set/vec4 8;
    %jmp/0xz  T_0.0, 8;
    %pushi/vec4 3, 0, 4;
    %assign/vec4 v0x211ecdb0_0, 0;
    %jmp T_0.1;
T_0.0 ;
    %load/vec4 v0x211ecce0_0;
    %flag_set/vec4 8;
    %jmp/0xz  T_0.2, 8;
    %load/vec4 v0x211ecc00_0;
    %assign/vec4 v0x211ecdb0_0, 0;
    %jmp T_0.3;
T_0.2 ;
    %load/vec4 v0x211ecfa0_0;
    %flag_set/vec4 8;
    %jmp/0xz  T_0.4, 8;
    %load/vec4 v0x211ecdb0_0;
    %cmpi/e 12, 0, 4;
    %jmp/0xz  T_0.6, 4;
    %pushi/vec4 3, 0, 4;
    %assign/vec4 v0x211ecdb0_0, 0;
    %jmp T_0.7;
T_0.6 ;
    %load/vec4 v0x211ecdb0_0;
    %addi 1, 0, 4;
    %assign/vec4 v0x211ecdb0_0, 0;
T_0.7 ;
    %jmp T_0.5;
T_0.4 ;
    %load/vec4 v0x211ecdb0_0;
    %cmpi/e 3, 0, 4;
    %jmp/0xz  T_0.8, 4;
    %pushi/vec4 12, 0, 4;
    %assign/vec4 v0x211ecdb0_0, 0;
    %jmp T_0.9;
T_0.8 ;
    %load/vec4 v0x211ecdb0_0;
    %subi 1, 0, 4;
    %assign/vec4 v0x211ecdb0_0, 0;
T_0.9 ;
T_0.5 ;
T_0.3 ;
T_0.1 ;
    %jmp T_0;
    .thread T_0;
    .scope S_0x211af710;
T_1 ;
    %pushi/vec4 0, 0, 1;
    %store/vec4 v0x211ed160_0, 0, 1;
T_1.0 ;
    %delay 5000, 0;
    %load/vec4 v0x211ed160_0;
    %inv;
    %store/vec4 v0x211ed160_0, 0, 1;
    %jmp T_1.0;
    %end;
    .thread T_1;
    .scope S_0x211af710;
T_2 ;
    %vpi_call/w 3 26 "$dumpfile", "tb_up_down_counter_3to12.vcd" {0 0 0};
    %vpi_call/w 3 27 "$dumpvars", 32'sb00000000000000000000000000000000, S_0x211d5d40 {0 0 0};
    %end;
    .thread T_2;
    .scope S_0x211af710;
T_3 ;
    %pushi/vec4 1, 0, 1;
    %store/vec4 v0x211ed4c0_0, 0, 1;
    %pushi/vec4 0, 0, 1;
    %store/vec4 v0x211ed2f0_0, 0, 1;
    %pushi/vec4 1, 0, 1;
    %store/vec4 v0x211ed5b0_0, 0, 1;
    %pushi/vec4 0, 0, 4;
    %store/vec4 v0x211ed220_0, 0, 4;
    %delay 10000, 0;
    %pushi/vec4 0, 0, 1;
    %store/vec4 v0x211ed4c0_0, 0, 1;
    %pushi/vec4 1, 0, 1;
    %store/vec4 v0x211ed5b0_0, 0, 1;
    %delay 100000, 0;
    %pushi/vec4 0, 0, 1;
    %store/vec4 v0x211ed5b0_0, 0, 1;
    %delay 100000, 0;
    %pushi/vec4 1, 0, 1;
    %store/vec4 v0x211ed2f0_0, 0, 1;
    %pushi/vec4 7, 0, 4;
    %store/vec4 v0x211ed220_0, 0, 4;
    %delay 10000, 0;
    %pushi/vec4 0, 0, 1;
    %store/vec4 v0x211ed2f0_0, 0, 1;
    %pushi/vec4 1, 0, 1;
    %store/vec4 v0x211ed5b0_0, 0, 1;
    %delay 50000, 0;
    %vpi_call/w 3 45 "$finish" {0 0 0};
    %end;
    .thread T_3;
    .scope S_0x211af710;
T_4 ;
    %vpi_call/w 3 49 "$monitor", "time=%0t | reset=%b | load=%b | up_down=%b | q=%d", $time, v0x211ed4c0_0, v0x211ed2f0_0, v0x211ed5b0_0, v0x211ed3f0_0 {0 0 0};
    %end;
    .thread T_4;
# The file index is used to find the file name in the following table.
:file_names 5;
    "N/A";
    "<interactive>";
    "-";
    "testbench.sv";
    "design.sv";
