#! /usr/local/bin/vvp
:ivl_version "12.0 (stable)";
:ivl_delay_selection "TYPICAL";
:vpi_time_precision - 12;
:vpi_module "/usr/local/lib/ivl/system.vpi";
:vpi_module "/usr/local/lib/ivl/vhdl_sys.vpi";
:vpi_module "/usr/local/lib/ivl/vhdl_textio.vpi";
:vpi_module "/usr/local/lib/ivl/v2005_math.vpi";
:vpi_module "/usr/local/lib/ivl/va_math.vpi";
:vpi_module "/usr/local/lib/ivl/v2009.vpi";
S_0x170ba830 .scope package, "$unit" "$unit" 2 1;
 .timescale 0 0;
S_0x170ba9c0 .scope module, "tb_srff_udp" "tb_srff_udp" 3 2;
 .timescale -9 -12;
v0x170d14d0_0 .var "clk", 0 0;
v0x170d1590_0 .net "q", 0 0, L_0x170d1830;  1 drivers
v0x170d1660_0 .var "r", 0 0;
v0x170d1760_0 .var "s", 0 0;
S_0x17095580 .scope module, "uut" "srff_udp" 3 8, 4 2 0, S_0x170ba9c0;
 .timescale -9 -12;
    .port_info 0 /OUTPUT 1 "q";
    .port_info 1 /INPUT 1 "clk";
    .port_info 2 /INPUT 1 "s";
    .port_info 3 /INPUT 1 "r";
UDP_sr_udp .udp/sequ "sr_udp", 3, 2
 ,"0r000"
 ,"1r001"
 ,"?r010"
 ,"?r101"
 ,"?r11x"
 ,"?f??-";
L_0x170d1830 .udp UDP_sr_udp, v0x170d14d0_0, v0x170d1760_0, v0x170d1660_0;
v0x17095780_0 .net "clk", 0 0, v0x170d14d0_0;  1 drivers
v0x170d11d0_0 .net "q", 0 0, L_0x170d1830;  alias, 1 drivers
v0x170d1290_0 .net "r", 0 0, v0x170d1660_0;  1 drivers
v0x170d1360_0 .net "s", 0 0, v0x170d1760_0;  1 drivers
    .scope S_0x170ba9c0;
T_0 ;
    %pushi/vec4 0, 0, 1;
    %store/vec4 v0x170d14d0_0, 0, 1;
T_0.0 ;
    %delay 1000, 0;
    %load/vec4 v0x170d14d0_0;
    %inv;
    %store/vec4 v0x170d14d0_0, 0, 1;
    %jmp T_0.0;
    %end;
    .thread T_0;
    .scope S_0x170ba9c0;
T_1 ;
    %vpi_call/w 3 16 "$dumpfile", "tb_srff_udp.vcd" {0 0 0};
    %vpi_call/w 3 17 "$dumpvars", 32'sb00000000000000000000000000000000, S_0x17095580 {0 0 0};
    %pushi/vec4 0, 0, 1;
    %store/vec4 v0x170d1760_0, 0, 1;
    %pushi/vec4 0, 0, 1;
    %store/vec4 v0x170d1660_0, 0, 1;
    %delay 2000, 0;
    %pushi/vec4 0, 0, 1;
    %store/vec4 v0x170d1760_0, 0, 1;
    %pushi/vec4 1, 0, 1;
    %store/vec4 v0x170d1660_0, 0, 1;
    %delay 1000, 0;
    %pushi/vec4 1, 0, 1;
    %store/vec4 v0x170d1760_0, 0, 1;
    %pushi/vec4 0, 0, 1;
    %store/vec4 v0x170d1660_0, 0, 1;
    %delay 2000, 0;
    %pushi/vec4 0, 0, 1;
    %store/vec4 v0x170d1760_0, 0, 1;
    %pushi/vec4 0, 0, 1;
    %store/vec4 v0x170d1660_0, 0, 1;
    %delay 2000, 0;
    %pushi/vec4 0, 0, 1;
    %store/vec4 v0x170d1760_0, 0, 1;
    %pushi/vec4 1, 0, 1;
    %store/vec4 v0x170d1660_0, 0, 1;
    %delay 2000, 0;
    %pushi/vec4 1, 0, 1;
    %store/vec4 v0x170d1760_0, 0, 1;
    %pushi/vec4 0, 0, 1;
    %store/vec4 v0x170d1660_0, 0, 1;
    %delay 2000, 0;
    %pushi/vec4 0, 0, 1;
    %store/vec4 v0x170d1760_0, 0, 1;
    %pushi/vec4 1, 0, 1;
    %store/vec4 v0x170d1660_0, 0, 1;
    %delay 2000, 0;
    %pushi/vec4 1, 0, 1;
    %store/vec4 v0x170d1760_0, 0, 1;
    %pushi/vec4 1, 0, 1;
    %store/vec4 v0x170d1660_0, 0, 1;
    %delay 2000, 0;
    %pushi/vec4 0, 0, 1;
    %store/vec4 v0x170d1760_0, 0, 1;
    %pushi/vec4 1, 0, 1;
    %store/vec4 v0x170d1660_0, 0, 1;
    %delay 2000, 0;
    %pushi/vec4 1, 0, 1;
    %store/vec4 v0x170d1760_0, 0, 1;
    %pushi/vec4 0, 0, 1;
    %store/vec4 v0x170d1660_0, 0, 1;
    %delay 2000, 0;
    %pushi/vec4 0, 0, 1;
    %store/vec4 v0x170d1760_0, 0, 1;
    %pushi/vec4 0, 0, 1;
    %store/vec4 v0x170d1660_0, 0, 1;
    %end;
    .thread T_1;
    .scope S_0x170ba9c0;
T_2 ;
    %vpi_call/w 3 32 "$monitor", "time=%g | clk=%b s=%b r=%b q=%b", $time, v0x170d14d0_0, v0x170d1760_0, v0x170d1660_0, v0x170d1590_0 {0 0 0};
    %delay 26000, 0;
    %vpi_call/w 3 33 "$finish" {0 0 0};
    %end;
    .thread T_2;
# The file index is used to find the file name in the following table.
:file_names 5;
    "N/A";
    "<interactive>";
    "-";
    "testbench.sv";
    "design.sv";
