#! /usr/local/bin/vvp
:ivl_version "12.0 (stable)";
:ivl_delay_selection "TYPICAL";
:vpi_time_precision - 12;
:vpi_module "/usr/local/lib/ivl/system.vpi";
:vpi_module "/usr/local/lib/ivl/vhdl_sys.vpi";
:vpi_module "/usr/local/lib/ivl/vhdl_textio.vpi";
:vpi_module "/usr/local/lib/ivl/v2005_math.vpi";
:vpi_module "/usr/local/lib/ivl/va_math.vpi";
:vpi_module "/usr/local/lib/ivl/v2009.vpi";
S_0xe7947a0 .scope package, "$unit" "$unit" 2 1;
 .timescale 0 0;
S_0xe794930 .scope module, "tb_siso_right" "tb_siso_right" 3 2;
 .timescale -9 -12;
v0xe7a8eb0_0 .var "clk", 0 0;
v0xe7a8f70_0 .var "d", 0 0;
v0xe7a9040_0 .net "q", 3 0, v0xe7a8c50_0;  1 drivers
v0xe7a9140_0 .var "rst", 0 0;
S_0xe76f580 .scope module, "uut" "siso_right" 3 6, 4 2 0, S_0xe794930;
 .timescale -9 -12;
    .port_info 0 /INPUT 1 "clk";
    .port_info 1 /INPUT 1 "rst";
    .port_info 2 /INPUT 1 "d";
    .port_info 3 /OUTPUT 4 "q";
v0xe795320_0 .net "clk", 0 0, v0xe7a8eb0_0;  1 drivers
v0xe7a8b90_0 .net "d", 0 0, v0xe7a8f70_0;  1 drivers
v0xe7a8c50_0 .var "q", 3 0;
v0xe7a8d40_0 .net "rst", 0 0, v0xe7a9140_0;  1 drivers
E_0xe795670 .event posedge, v0xe7a8d40_0, v0xe795320_0;
    .scope S_0xe76f580;
T_0 ;
    %wait E_0xe795670;
    %load/vec4 v0xe7a8d40_0;
    %flag_set/vec4 8;
    %jmp/0xz  T_0.0, 8;
    %pushi/vec4 0, 0, 4;
    %assign/vec4 v0xe7a8c50_0, 0;
    %jmp T_0.1;
T_0.0 ;
    %load/vec4 v0xe7a8b90_0;
    %load/vec4 v0xe7a8c50_0;
    %parti/s 3, 1, 2;
    %concat/vec4; draw_concat_vec4
    %assign/vec4 v0xe7a8c50_0, 0;
T_0.1 ;
    %jmp T_0;
    .thread T_0;
    .scope S_0xe794930;
T_1 ;
    %pushi/vec4 0, 0, 1;
    %store/vec4 v0xe7a8eb0_0, 0, 1;
    %end;
    .thread T_1;
    .scope S_0xe794930;
T_2 ;
    %delay 5000, 0;
    %load/vec4 v0xe7a8eb0_0;
    %inv;
    %store/vec4 v0xe7a8eb0_0, 0, 1;
    %jmp T_2;
    .thread T_2;
    .scope S_0xe794930;
T_3 ;
    %vpi_call/w 3 12 "$dumpfile", "tb_siso_right.vcd" {0 0 0};
    %vpi_call/w 3 13 "$dumpvars", 32'sb00000000000000000000000000000000, S_0xe76f580 {0 0 0};
    %end;
    .thread T_3;
    .scope S_0xe794930;
T_4 ;
    %pushi/vec4 1, 0, 1;
    %store/vec4 v0xe7a9140_0, 0, 1;
    %pushi/vec4 0, 0, 1;
    %store/vec4 v0xe7a8f70_0, 0, 1;
    %delay 10000, 0;
    %pushi/vec4 0, 0, 1;
    %store/vec4 v0xe7a9140_0, 0, 1;
    %pushi/vec4 1, 0, 1;
    %store/vec4 v0xe7a8f70_0, 0, 1;
    %delay 10000, 0;
    %pushi/vec4 0, 0, 1;
    %store/vec4 v0xe7a8f70_0, 0, 1;
    %delay 10000, 0;
    %pushi/vec4 1, 0, 1;
    %store/vec4 v0xe7a8f70_0, 0, 1;
    %delay 10000, 0;
    %pushi/vec4 1, 0, 1;
    %store/vec4 v0xe7a8f70_0, 0, 1;
    %delay 20000, 0;
    %vpi_call/w 3 22 "$finish" {0 0 0};
    %end;
    .thread T_4;
    .scope S_0xe794930;
T_5 ;
    %vpi_call/w 3 26 "$monitor", "time=%0t | d=%b | q=%b", $time, v0xe7a8f70_0, v0xe7a9040_0 {0 0 0};
    %end;
    .thread T_5;
# The file index is used to find the file name in the following table.
:file_names 5;
    "N/A";
    "<interactive>";
    "-";
    "testbench.sv";
    "design.sv";
