#! /usr/local/bin/vvp
:ivl_version "12.0 (stable)";
:ivl_delay_selection "TYPICAL";
:vpi_time_precision - 9;
:vpi_module "/usr/local/lib/ivl/system.vpi";
:vpi_module "/usr/local/lib/ivl/vhdl_sys.vpi";
:vpi_module "/usr/local/lib/ivl/vhdl_textio.vpi";
:vpi_module "/usr/local/lib/ivl/v2005_math.vpi";
:vpi_module "/usr/local/lib/ivl/va_math.vpi";
:vpi_module "/usr/local/lib/ivl/v2009.vpi";
S_0x4084be30 .scope package, "$unit" "$unit" 2 1;
 .timescale 0 0;
S_0x4084b990 .scope module, "tb_half_str" "tb_half_str" 3 4;
 .timescale -8 -9;
v0x40872460_0 .var "a", 0 0;
v0x40872520_0 .var "b", 0 0;
v0x408725f0_0 .net "c", 0 0, L_0x40872920;  1 drivers
v0x408726f0_0 .net "s", 0 0, L_0x408727c0;  1 drivers
S_0x4085df20 .scope module, "uut" "half_str" 3 9, 4 3 0, S_0x4084b990;
 .timescale -8 -9;
    .port_info 0 /OUTPUT 1 "s";
    .port_info 1 /OUTPUT 1 "c";
    .port_info 2 /INPUT 1 "a";
    .port_info 3 /INPUT 1 "b";
L_0x408727c0 .functor XOR 1, v0x40872460_0, v0x40872520_0, C4<0>, C4<0>;
L_0x40872920 .functor AND 1, v0x40872460_0, v0x40872520_0, C4<1>, C4<1>;
v0x4085e530_0 .net "a", 0 0, v0x40872460_0;  1 drivers
v0x40872160_0 .net "b", 0 0, v0x40872520_0;  1 drivers
v0x40872220_0 .net "c", 0 0, L_0x40872920;  alias, 1 drivers
v0x408722f0_0 .net "s", 0 0, L_0x408727c0;  alias, 1 drivers
    .scope S_0x4084b990;
T_0 ;
    %vpi_call/w 3 16 "$dumpfile", "tb_half_str.vcd" {0 0 0};
    %vpi_call/w 3 17 "$dumpvars", 32'sb00000000000000000000000000000000, S_0x4085df20 {0 0 0};
    %vpi_call/w 3 18 "$display", "a b | s c | Expected s c" {0 0 0};
    %vpi_call/w 3 19 "$display", "------------------------" {0 0 0};
    %pushi/vec4 0, 0, 1;
    %store/vec4 v0x40872460_0, 0, 1;
    %pushi/vec4 0, 0, 1;
    %store/vec4 v0x40872520_0, 0, 1;
    %delay 100, 0;
    %vpi_call/w 3 22 "$display", "%b %b | %b %b |    0 0", v0x40872460_0, v0x40872520_0, v0x408726f0_0, v0x408725f0_0 {0 0 0};
    %pushi/vec4 0, 0, 1;
    %store/vec4 v0x40872460_0, 0, 1;
    %pushi/vec4 1, 0, 1;
    %store/vec4 v0x40872520_0, 0, 1;
    %delay 100, 0;
    %vpi_call/w 3 25 "$display", "%b %b | %b %b |    1 0", v0x40872460_0, v0x40872520_0, v0x408726f0_0, v0x408725f0_0 {0 0 0};
    %pushi/vec4 1, 0, 1;
    %store/vec4 v0x40872460_0, 0, 1;
    %pushi/vec4 0, 0, 1;
    %store/vec4 v0x40872520_0, 0, 1;
    %delay 100, 0;
    %vpi_call/w 3 28 "$display", "%b %b | %b %b |    1 0", v0x40872460_0, v0x40872520_0, v0x408726f0_0, v0x408725f0_0 {0 0 0};
    %pushi/vec4 1, 0, 1;
    %store/vec4 v0x40872460_0, 0, 1;
    %pushi/vec4 1, 0, 1;
    %store/vec4 v0x40872520_0, 0, 1;
    %delay 100, 0;
    %vpi_call/w 3 31 "$display", "%b %b | %b %b |    0 1", v0x40872460_0, v0x40872520_0, v0x408726f0_0, v0x408725f0_0 {0 0 0};
    %vpi_call/w 3 33 "$finish" {0 0 0};
    %end;
    .thread T_0;
# The file index is used to find the file name in the following table.
:file_names 5;
    "N/A";
    "<interactive>";
    "-";
    "testbench.sv";
    "design.sv";
