#! /usr/local/bin/vvp
:ivl_version "12.0 (stable)";
:ivl_delay_selection "TYPICAL";
:vpi_time_precision - 12;
:vpi_module "/usr/local/lib/ivl/system.vpi";
:vpi_module "/usr/local/lib/ivl/vhdl_sys.vpi";
:vpi_module "/usr/local/lib/ivl/vhdl_textio.vpi";
:vpi_module "/usr/local/lib/ivl/v2005_math.vpi";
:vpi_module "/usr/local/lib/ivl/va_math.vpi";
:vpi_module "/usr/local/lib/ivl/v2009.vpi";
S_0x36e8f1f0 .scope package, "$unit" "$unit" 2 1;
 .timescale 0 0;
S_0x36e8f380 .scope module, "tb_dff_udp" "tb_dff_udp" 3 2;
 .timescale -9 -12;
v0x36ea2950_0 .var "clk", 0 0;
v0x36ea2a20_0 .var "d", 0 0;
v0x36ea2af0_0 .var/i "i", 31 0;
v0x36ea2bc0_0 .net "q", 0 0, L_0x36ea2c90;  1 drivers
S_0x36e6a580 .scope module, "uut" "dff_udp" 3 8, 4 2 0, S_0x36e8f380;
 .timescale -9 -12;
    .port_info 0 /OUTPUT 1 "q";
    .port_info 1 /INPUT 1 "clk";
    .port_info 2 /INPUT 1 "d";
UDP_dudp .udp/sequ "dudp", 2, 2
 ,"?r00"
 ,"?r11"
 ,"?f?-";
L_0x36ea2c90 .udp UDP_dudp, v0x36ea2950_0, v0x36ea2a20_0;
v0x36e6a760_0 .net "clk", 0 0, v0x36ea2950_0;  1 drivers
v0x36ea2740_0 .net "d", 0 0, v0x36ea2a20_0;  1 drivers
v0x36ea2800_0 .net "q", 0 0, L_0x36ea2c90;  alias, 1 drivers
    .scope S_0x36e8f380;
T_0 ;
    %pushi/vec4 0, 0, 1;
    %store/vec4 v0x36ea2950_0, 0, 1;
T_0.0 ;
    %delay 5000, 0;
    %load/vec4 v0x36ea2950_0;
    %inv;
    %store/vec4 v0x36ea2950_0, 0, 1;
    %jmp T_0.0;
    %end;
    .thread T_0;
    .scope S_0x36e8f380;
T_1 ;
    %pushi/vec4 0, 0, 1;
    %store/vec4 v0x36ea2a20_0, 0, 1;
    %pushi/vec4 0, 0, 32;
    %store/vec4 v0x36ea2af0_0, 0, 32;
T_1.0 ;
    %load/vec4 v0x36ea2af0_0;
    %cmpi/s 10, 0, 32;
    %jmp/0xz T_1.1, 5;
    %delay 7000, 0;
    %load/vec4 v0x36ea2a20_0;
    %inv;
    %store/vec4 v0x36ea2a20_0, 0, 1;
    %load/vec4 v0x36ea2af0_0;
    %addi 1, 0, 32;
    %store/vec4 v0x36ea2af0_0, 0, 32;
    %jmp T_1.0;
T_1.1 ;
    %delay 40000, 0;
    %vpi_call/w 3 20 "$finish" {0 0 0};
    %end;
    .thread T_1;
    .scope S_0x36e8f380;
T_2 ;
    %vpi_call/w 3 24 "$dumpfile", "tb_dff_udp.vcd" {0 0 0};
    %vpi_call/w 3 25 "$dumpvars", 32'sb00000000000000000000000000000000, S_0x36e8f380 {0 0 0};
    %vpi_call/w 3 26 "$monitor", "time=%0t | clk=%b d=%b q=%b", $time, v0x36ea2950_0, v0x36ea2a20_0, v0x36ea2bc0_0 {0 0 0};
    %end;
    .thread T_2;
# The file index is used to find the file name in the following table.
:file_names 5;
    "N/A";
    "<interactive>";
    "-";
    "testbench.sv";
    "design.sv";
