#! /usr/local/bin/vvp
:ivl_version "12.0 (stable)";
:ivl_delay_selection "TYPICAL";
:vpi_time_precision - 12;
:vpi_module "/usr/local/lib/ivl/system.vpi";
:vpi_module "/usr/local/lib/ivl/vhdl_sys.vpi";
:vpi_module "/usr/local/lib/ivl/vhdl_textio.vpi";
:vpi_module "/usr/local/lib/ivl/v2005_math.vpi";
:vpi_module "/usr/local/lib/ivl/va_math.vpi";
:vpi_module "/usr/local/lib/ivl/v2009.vpi";
S_0x105f84c0 .scope package, "$unit" "$unit" 2 1;
 .timescale 0 0;
S_0x105f6670 .scope module, "tb_mux_8x1" "tb_mux_8x1" 3 4;
 .timescale -9 -12;
v0x106254c0_0 .var/i "i", 31 0;
v0x106255a0_0 .var "in", 7 0;
v0x10625690_0 .var/i "j", 31 0;
v0x10625760_0 .net "out", 0 0, v0x106248e0_0;  1 drivers
v0x10625800_0 .var "s", 2 0;
S_0x105f1880 .scope module, "uut" "mux_8x1" 3 9, 4 3 0, S_0x105f6670;
 .timescale -9 -12;
    .port_info 0 /INPUT 3 "s";
    .port_info 1 /INPUT 8 "in";
    .port_info 2 /OUTPUT 1 "out";
v0x10624af0_0 .net *"_ivl_27", 0 0, L_0x106261d0;  1 drivers
v0x10624bd0_0 .net *"_ivl_29", 0 0, L_0x10626330;  1 drivers
v0x10624cb0_0 .net *"_ivl_37", 0 0, L_0x10626600;  1 drivers
v0x10624da0_0 .net *"_ivl_39", 0 0, L_0x10626720;  1 drivers
v0x10624e80_0 .net *"_ivl_48", 0 0, L_0x10626e10;  1 drivers
v0x10624fb0_0 .net *"_ivl_50", 0 0, L_0x10626eb0;  1 drivers
v0x10625090_0 .net "in", 7 0, v0x106255a0_0;  1 drivers
v0x10625170_0 .net "k", 5 0, L_0x10626a30;  1 drivers
v0x10625250_0 .net "out", 0 0, v0x106248e0_0;  alias, 1 drivers
v0x10625380_0 .net "s", 2 0, v0x10625800_0;  1 drivers
L_0x10625910 .part v0x10625800_0, 0, 1;
L_0x10625a00 .part v0x106255a0_0, 0, 2;
L_0x10625af0 .part v0x10625800_0, 0, 1;
L_0x10625b90 .part v0x106255a0_0, 2, 2;
L_0x10625c90 .part v0x10625800_0, 0, 1;
L_0x10625df0 .part v0x106255a0_0, 4, 2;
L_0x10625f90 .part v0x10625800_0, 0, 1;
L_0x10626030 .part v0x106255a0_0, 6, 2;
L_0x10626100 .part v0x10625800_0, 1, 1;
L_0x106261d0 .part L_0x10626a30, 1, 1;
L_0x10626330 .part L_0x10626a30, 0, 1;
L_0x10626400 .concat [ 1 1 0 0], L_0x10626330, L_0x106261d0;
L_0x10626560 .part v0x10625800_0, 1, 1;
L_0x10626600 .part L_0x10626a30, 3, 1;
L_0x10626720 .part L_0x10626a30, 2, 1;
L_0x10626880 .concat [ 1 1 0 0], L_0x10626720, L_0x10626600;
LS_0x10626a30_0_0 .concat8 [ 1 1 1 1], v0x10622630_0, v0x10622bf0_0, v0x106231c0_0, v0x10623780_0;
LS_0x10626a30_0_4 .concat8 [ 1 1 0 0], v0x10623d90_0, v0x10624320_0;
L_0x10626a30 .concat8 [ 4 2 0 0], LS_0x10626a30_0_0, LS_0x10626a30_0_4;
L_0x10626b90 .part v0x10625800_0, 2, 1;
L_0x10626e10 .part L_0x10626a30, 5, 1;
L_0x10626eb0 .part L_0x10626a30, 4, 1;
L_0x10626d70 .concat [ 1 1 0 0], L_0x10626eb0, L_0x10626e10;
S_0x105f1590 .scope module, "m0" "mux_2x1" 4 8, 4 19 0, S_0x105f1880;
 .timescale -9 -12;
    .port_info 0 /INPUT 1 "s";
    .port_info 1 /INPUT 2 "in";
    .port_info 2 /OUTPUT 1 "out";
v0x10602270_0 .net "in", 1 0, L_0x10625a00;  1 drivers
v0x10622630_0 .var "out", 0 0;
v0x106226f0_0 .net "s", 0 0, L_0x10625910;  1 drivers
E_0x105f3cd0 .event anyedge, v0x106226f0_0, v0x10602270_0;
S_0x10622840 .scope module, "m1" "mux_2x1" 4 9, 4 19 0, S_0x105f1880;
 .timescale -9 -12;
    .port_info 0 /INPUT 1 "s";
    .port_info 1 /INPUT 2 "in";
    .port_info 2 /OUTPUT 1 "out";
v0x10622af0_0 .net "in", 1 0, L_0x10625b90;  1 drivers
v0x10622bf0_0 .var "out", 0 0;
v0x10622cb0_0 .net "s", 0 0, L_0x10625af0;  1 drivers
E_0x10622a70 .event anyedge, v0x10622cb0_0, v0x10622af0_0;
S_0x10622e00 .scope module, "m2" "mux_2x1" 4 10, 4 19 0, S_0x105f1880;
 .timescale -9 -12;
    .port_info 0 /INPUT 1 "s";
    .port_info 1 /INPUT 2 "in";
    .port_info 2 /OUTPUT 1 "out";
v0x106230c0_0 .net "in", 1 0, L_0x10625df0;  1 drivers
v0x106231c0_0 .var "out", 0 0;
v0x10623280_0 .net "s", 0 0, L_0x10625c90;  1 drivers
E_0x10623060 .event anyedge, v0x10623280_0, v0x106230c0_0;
S_0x106233d0 .scope module, "m3" "mux_2x1" 4 11, 4 19 0, S_0x105f1880;
 .timescale -9 -12;
    .port_info 0 /INPUT 1 "s";
    .port_info 1 /INPUT 2 "in";
    .port_info 2 /OUTPUT 1 "out";
v0x10623680_0 .net "in", 1 0, L_0x10626030;  1 drivers
v0x10623780_0 .var "out", 0 0;
v0x10623840_0 .net "s", 0 0, L_0x10625f90;  1 drivers
E_0x10623600 .event anyedge, v0x10623840_0, v0x10623680_0;
S_0x10623990 .scope module, "m4" "mux_2x1" 4 12, 4 19 0, S_0x105f1880;
 .timescale -9 -12;
    .port_info 0 /INPUT 1 "s";
    .port_info 1 /INPUT 2 "in";
    .port_info 2 /OUTPUT 1 "out";
v0x10623c90_0 .net "in", 1 0, L_0x10626400;  1 drivers
v0x10623d90_0 .var "out", 0 0;
v0x10623e50_0 .net "s", 0 0, L_0x10626100;  1 drivers
E_0x10623c10 .event anyedge, v0x10623e50_0, v0x10623c90_0;
S_0x10623f70 .scope module, "m5" "mux_2x1" 4 13, 4 19 0, S_0x105f1880;
 .timescale -9 -12;
    .port_info 0 /INPUT 1 "s";
    .port_info 1 /INPUT 2 "in";
    .port_info 2 /OUTPUT 1 "out";
v0x10624220_0 .net "in", 1 0, L_0x10626880;  1 drivers
v0x10624320_0 .var "out", 0 0;
v0x106243e0_0 .net "s", 0 0, L_0x10626560;  1 drivers
E_0x106241a0 .event anyedge, v0x106243e0_0, v0x10624220_0;
S_0x10624530 .scope module, "m6" "mux_2x1" 4 14, 4 19 0, S_0x105f1880;
 .timescale -9 -12;
    .port_info 0 /INPUT 1 "s";
    .port_info 1 /INPUT 2 "in";
    .port_info 2 /OUTPUT 1 "out";
v0x106247e0_0 .net "in", 1 0, L_0x10626d70;  1 drivers
v0x106248e0_0 .var "out", 0 0;
v0x106249a0_0 .net "s", 0 0, L_0x10626b90;  1 drivers
E_0x10624760 .event anyedge, v0x106249a0_0, v0x106247e0_0;
    .scope S_0x105f1590;
T_0 ;
    %wait E_0x105f3cd0;
    %load/vec4 v0x106226f0_0;
    %dup/vec4;
    %pushi/vec4 0, 0, 1;
    %cmp/x;
    %jmp/1 T_0.0, 4;
    %dup/vec4;
    %pushi/vec4 1, 0, 1;
    %cmp/x;
    %jmp/1 T_0.1, 4;
    %pushi/vec4 1, 1, 1;
    %store/vec4 v0x10622630_0, 0, 1;
    %jmp T_0.3;
T_0.0 ;
    %load/vec4 v0x10602270_0;
    %parti/s 1, 0, 2;
    %store/vec4 v0x10622630_0, 0, 1;
    %jmp T_0.3;
T_0.1 ;
    %load/vec4 v0x10602270_0;
    %parti/s 1, 1, 2;
    %store/vec4 v0x10622630_0, 0, 1;
    %jmp T_0.3;
T_0.3 ;
    %pop/vec4 1;
    %jmp T_0;
    .thread T_0, $push;
    .scope S_0x10622840;
T_1 ;
    %wait E_0x10622a70;
    %load/vec4 v0x10622cb0_0;
    %dup/vec4;
    %pushi/vec4 0, 0, 1;
    %cmp/x;
    %jmp/1 T_1.0, 4;
    %dup/vec4;
    %pushi/vec4 1, 0, 1;
    %cmp/x;
    %jmp/1 T_1.1, 4;
    %pushi/vec4 1, 1, 1;
    %store/vec4 v0x10622bf0_0, 0, 1;
    %jmp T_1.3;
T_1.0 ;
    %load/vec4 v0x10622af0_0;
    %parti/s 1, 0, 2;
    %store/vec4 v0x10622bf0_0, 0, 1;
    %jmp T_1.3;
T_1.1 ;
    %load/vec4 v0x10622af0_0;
    %parti/s 1, 1, 2;
    %store/vec4 v0x10622bf0_0, 0, 1;
    %jmp T_1.3;
T_1.3 ;
    %pop/vec4 1;
    %jmp T_1;
    .thread T_1, $push;
    .scope S_0x10622e00;
T_2 ;
    %wait E_0x10623060;
    %load/vec4 v0x10623280_0;
    %dup/vec4;
    %pushi/vec4 0, 0, 1;
    %cmp/x;
    %jmp/1 T_2.0, 4;
    %dup/vec4;
    %pushi/vec4 1, 0, 1;
    %cmp/x;
    %jmp/1 T_2.1, 4;
    %pushi/vec4 1, 1, 1;
    %store/vec4 v0x106231c0_0, 0, 1;
    %jmp T_2.3;
T_2.0 ;
    %load/vec4 v0x106230c0_0;
    %parti/s 1, 0, 2;
    %store/vec4 v0x106231c0_0, 0, 1;
    %jmp T_2.3;
T_2.1 ;
    %load/vec4 v0x106230c0_0;
    %parti/s 1, 1, 2;
    %store/vec4 v0x106231c0_0, 0, 1;
    %jmp T_2.3;
T_2.3 ;
    %pop/vec4 1;
    %jmp T_2;
    .thread T_2, $push;
    .scope S_0x106233d0;
T_3 ;
    %wait E_0x10623600;
    %load/vec4 v0x10623840_0;
    %dup/vec4;
    %pushi/vec4 0, 0, 1;
    %cmp/x;
    %jmp/1 T_3.0, 4;
    %dup/vec4;
    %pushi/vec4 1, 0, 1;
    %cmp/x;
    %jmp/1 T_3.1, 4;
    %pushi/vec4 1, 1, 1;
    %store/vec4 v0x10623780_0, 0, 1;
    %jmp T_3.3;
T_3.0 ;
    %load/vec4 v0x10623680_0;
    %parti/s 1, 0, 2;
    %store/vec4 v0x10623780_0, 0, 1;
    %jmp T_3.3;
T_3.1 ;
    %load/vec4 v0x10623680_0;
    %parti/s 1, 1, 2;
    %store/vec4 v0x10623780_0, 0, 1;
    %jmp T_3.3;
T_3.3 ;
    %pop/vec4 1;
    %jmp T_3;
    .thread T_3, $push;
    .scope S_0x10623990;
T_4 ;
    %wait E_0x10623c10;
    %load/vec4 v0x10623e50_0;
    %dup/vec4;
    %pushi/vec4 0, 0, 1;
    %cmp/x;
    %jmp/1 T_4.0, 4;
    %dup/vec4;
    %pushi/vec4 1, 0, 1;
    %cmp/x;
    %jmp/1 T_4.1, 4;
    %pushi/vec4 1, 1, 1;
    %store/vec4 v0x10623d90_0, 0, 1;
    %jmp T_4.3;
T_4.0 ;
    %load/vec4 v0x10623c90_0;
    %parti/s 1, 0, 2;
    %store/vec4 v0x10623d90_0, 0, 1;
    %jmp T_4.3;
T_4.1 ;
    %load/vec4 v0x10623c90_0;
    %parti/s 1, 1, 2;
    %store/vec4 v0x10623d90_0, 0, 1;
    %jmp T_4.3;
T_4.3 ;
    %pop/vec4 1;
    %jmp T_4;
    .thread T_4, $push;
    .scope S_0x10623f70;
T_5 ;
    %wait E_0x106241a0;
    %load/vec4 v0x106243e0_0;
    %dup/vec4;
    %pushi/vec4 0, 0, 1;
    %cmp/x;
    %jmp/1 T_5.0, 4;
    %dup/vec4;
    %pushi/vec4 1, 0, 1;
    %cmp/x;
    %jmp/1 T_5.1, 4;
    %pushi/vec4 1, 1, 1;
    %store/vec4 v0x10624320_0, 0, 1;
    %jmp T_5.3;
T_5.0 ;
    %load/vec4 v0x10624220_0;
    %parti/s 1, 0, 2;
    %store/vec4 v0x10624320_0, 0, 1;
    %jmp T_5.3;
T_5.1 ;
    %load/vec4 v0x10624220_0;
    %parti/s 1, 1, 2;
    %store/vec4 v0x10624320_0, 0, 1;
    %jmp T_5.3;
T_5.3 ;
    %pop/vec4 1;
    %jmp T_5;
    .thread T_5, $push;
    .scope S_0x10624530;
T_6 ;
    %wait E_0x10624760;
    %load/vec4 v0x106249a0_0;
    %dup/vec4;
    %pushi/vec4 0, 0, 1;
    %cmp/x;
    %jmp/1 T_6.0, 4;
    %dup/vec4;
    %pushi/vec4 1, 0, 1;
    %cmp/x;
    %jmp/1 T_6.1, 4;
    %pushi/vec4 1, 1, 1;
    %store/vec4 v0x106248e0_0, 0, 1;
    %jmp T_6.3;
T_6.0 ;
    %load/vec4 v0x106247e0_0;
    %parti/s 1, 0, 2;
    %store/vec4 v0x106248e0_0, 0, 1;
    %jmp T_6.3;
T_6.1 ;
    %load/vec4 v0x106247e0_0;
    %parti/s 1, 1, 2;
    %store/vec4 v0x106248e0_0, 0, 1;
    %jmp T_6.3;
T_6.3 ;
    %pop/vec4 1;
    %jmp T_6;
    .thread T_6, $push;
    .scope S_0x105f6670;
T_7 ;
    %pushi/vec4 0, 0, 3;
    %store/vec4 v0x10625800_0, 0, 3;
    %pushi/vec4 0, 0, 8;
    %store/vec4 v0x106255a0_0, 0, 8;
    %vpi_call/w 3 15 "$dumpfile", "tb_mux_8x1.vcd" {0 0 0};
    %vpi_call/w 3 16 "$dumpvars", 32'sb00000000000000000000000000000000, S_0x105f1880 {0 0 0};
    %end;
    .thread T_7;
    .scope S_0x105f6670;
T_8 ;
    %pushi/vec4 0, 0, 32;
    %store/vec4 v0x106254c0_0, 0, 32;
T_8.0 ;
    %load/vec4 v0x106254c0_0;
    %cmpi/s 8, 0, 32;
    %jmp/0xz T_8.1, 5;
    %load/vec4 v0x106254c0_0;
    %pad/s 3;
    %store/vec4 v0x10625800_0, 0, 3;
    %pushi/vec4 0, 0, 32;
    %store/vec4 v0x10625690_0, 0, 32;
T_8.2 ;
    %load/vec4 v0x10625690_0;
    %cmpi/s 256, 0, 32;
    %jmp/0xz T_8.3, 5;
    %load/vec4 v0x10625690_0;
    %pad/s 8;
    %store/vec4 v0x106255a0_0, 0, 8;
    %delay 2000, 0;
    %load/vec4 v0x10625690_0;
    %addi 1, 0, 32;
    %store/vec4 v0x10625690_0, 0, 32;
    %jmp T_8.2;
T_8.3 ;
    %load/vec4 v0x106254c0_0;
    %addi 1, 0, 32;
    %store/vec4 v0x106254c0_0, 0, 32;
    %jmp T_8.0;
T_8.1 ;
    %end;
    .thread T_8;
    .scope S_0x105f6670;
T_9 ;
    %vpi_call/w 3 29 "$monitor", "time=%g,s=%b,in=%b,out=%b", $time, v0x10625800_0, v0x106255a0_0, v0x10625760_0 {0 0 0};
    %delay 5000000, 0;
    %vpi_call/w 3 30 "$finish" {0 0 0};
    %end;
    .thread T_9;
# The file index is used to find the file name in the following table.
:file_names 5;
    "N/A";
    "<interactive>";
    "-";
    "testbench.sv";
    "design.sv";
