#! /usr/local/bin/vvp
:ivl_version "12.0 (stable)";
:ivl_delay_selection "TYPICAL";
:vpi_time_precision - 12;
:vpi_module "/usr/local/lib/ivl/system.vpi";
:vpi_module "/usr/local/lib/ivl/vhdl_sys.vpi";
:vpi_module "/usr/local/lib/ivl/vhdl_textio.vpi";
:vpi_module "/usr/local/lib/ivl/v2005_math.vpi";
:vpi_module "/usr/local/lib/ivl/va_math.vpi";
:vpi_module "/usr/local/lib/ivl/v2009.vpi";
S_0x2ee9b410 .scope package, "$unit" "$unit" 2 1;
 .timescale 0 0;
S_0x2ee9b5a0 .scope module, "tb_encoder_8x3" "tb_encoder_8x3" 3 2;
 .timescale -9 -12;
v0x2eeaf660_0 .var/i "i", 31 0;
v0x2eeaf740_0 .var "in", 7 0;
v0x2eeaf830_0 .net "out", 2 0, v0x2eeaf520_0;  1 drivers
S_0x2ee75580 .scope module, "uut" "encoder_8x3" 3 8, 4 2 0, S_0x2ee9b5a0;
 .timescale -9 -12;
    .port_info 0 /INPUT 8 "in";
    .port_info 1 /OUTPUT 3 "out";
v0x2ee757e0_0 .net "in", 7 0, v0x2eeaf740_0;  1 drivers
v0x2eeaf520_0 .var "out", 2 0;
E_0x2ee757a0 .event anyedge, v0x2ee757e0_0;
    .scope S_0x2ee75580;
T_0 ;
    %wait E_0x2ee757a0;
    %load/vec4 v0x2ee757e0_0;
    %dup/vec4;
    %pushi/vec4 1, 0, 8;
    %cmp/x;
    %jmp/1 T_0.0, 4;
    %dup/vec4;
    %pushi/vec4 2, 0, 8;
    %cmp/x;
    %jmp/1 T_0.1, 4;
    %dup/vec4;
    %pushi/vec4 4, 0, 8;
    %cmp/x;
    %jmp/1 T_0.2, 4;
    %dup/vec4;
    %pushi/vec4 8, 0, 8;
    %cmp/x;
    %jmp/1 T_0.3, 4;
    %dup/vec4;
    %pushi/vec4 16, 0, 8;
    %cmp/x;
    %jmp/1 T_0.4, 4;
    %dup/vec4;
    %pushi/vec4 32, 0, 8;
    %cmp/x;
    %jmp/1 T_0.5, 4;
    %dup/vec4;
    %pushi/vec4 64, 0, 8;
    %cmp/x;
    %jmp/1 T_0.6, 4;
    %dup/vec4;
    %pushi/vec4 128, 0, 8;
    %cmp/x;
    %jmp/1 T_0.7, 4;
    %pushi/vec4 7, 7, 3;
    %store/vec4 v0x2eeaf520_0, 0, 3;
    %jmp T_0.9;
T_0.0 ;
    %pushi/vec4 0, 0, 3;
    %store/vec4 v0x2eeaf520_0, 0, 3;
    %jmp T_0.9;
T_0.1 ;
    %pushi/vec4 1, 0, 3;
    %store/vec4 v0x2eeaf520_0, 0, 3;
    %jmp T_0.9;
T_0.2 ;
    %pushi/vec4 2, 0, 3;
    %store/vec4 v0x2eeaf520_0, 0, 3;
    %jmp T_0.9;
T_0.3 ;
    %pushi/vec4 3, 0, 3;
    %store/vec4 v0x2eeaf520_0, 0, 3;
    %jmp T_0.9;
T_0.4 ;
    %pushi/vec4 4, 0, 3;
    %store/vec4 v0x2eeaf520_0, 0, 3;
    %jmp T_0.9;
T_0.5 ;
    %pushi/vec4 5, 0, 3;
    %store/vec4 v0x2eeaf520_0, 0, 3;
    %jmp T_0.9;
T_0.6 ;
    %pushi/vec4 6, 0, 3;
    %store/vec4 v0x2eeaf520_0, 0, 3;
    %jmp T_0.9;
T_0.7 ;
    %pushi/vec4 7, 0, 3;
    %store/vec4 v0x2eeaf520_0, 0, 3;
    %jmp T_0.9;
T_0.9 ;
    %pop/vec4 1;
    %jmp T_0;
    .thread T_0, $push;
    .scope S_0x2ee9b5a0;
T_1 ;
    %vpi_call/w 3 11 "$dumpfile", "tb_encoder_8x3.vcd" {0 0 0};
    %vpi_call/w 3 12 "$dumpvars", 32'sb00000000000000000000000000000000, S_0x2ee75580 {0 0 0};
    %end;
    .thread T_1;
    .scope S_0x2ee9b5a0;
T_2 ;
    %pushi/vec4 0, 0, 8;
    %store/vec4 v0x2eeaf740_0, 0, 8;
    %delay 2000, 0;
    %pushi/vec4 0, 0, 32;
    %store/vec4 v0x2eeaf660_0, 0, 32;
T_2.0 ;
    %load/vec4 v0x2eeaf660_0;
    %cmpi/s 8, 0, 32;
    %jmp/0xz T_2.1, 5;
    %pushi/vec4 1, 0, 8;
    %load/vec4 v0x2eeaf660_0;
    %ix/vec4 4;
    %shiftl 4;
    %store/vec4 v0x2eeaf740_0, 0, 8;
    %delay 2000, 0;
    %load/vec4 v0x2eeaf660_0;
    %addi 1, 0, 32;
    %store/vec4 v0x2eeaf660_0, 0, 32;
    %jmp T_2.0;
T_2.1 ;
    %end;
    .thread T_2;
    .scope S_0x2ee9b5a0;
T_3 ;
    %vpi_call/w 3 25 "$monitor", "time=%g | in=%b | out=%b", $time, v0x2eeaf740_0, v0x2eeaf830_0 {0 0 0};
    %delay 20000, 0;
    %vpi_call/w 3 26 "$finish" {0 0 0};
    %end;
    .thread T_3;
# The file index is used to find the file name in the following table.
:file_names 5;
    "N/A";
    "<interactive>";
    "-";
    "testbench.sv";
    "design.sv";
