#! /usr/local/bin/vvp
:ivl_version "12.0 (stable)";
:ivl_delay_selection "TYPICAL";
:vpi_time_precision - 12;
:vpi_module "/usr/local/lib/ivl/system.vpi";
:vpi_module "/usr/local/lib/ivl/vhdl_sys.vpi";
:vpi_module "/usr/local/lib/ivl/vhdl_textio.vpi";
:vpi_module "/usr/local/lib/ivl/v2005_math.vpi";
:vpi_module "/usr/local/lib/ivl/va_math.vpi";
:vpi_module "/usr/local/lib/ivl/v2009.vpi";
S_0x25878a70 .scope package, "$unit" "$unit" 2 1;
 .timescale 0 0;
S_0x25878c00 .scope module, "tb_t_ff" "tb_t_ff" 3 2;
 .timescale -9 -12;
v0x2588d7a0_0 .var "clear", 0 0;
v0x2588d860_0 .var "clk", 0 0;
v0x2588d930_0 .net "q", 0 0, v0x2588d460_0;  1 drivers
v0x2588da30_0 .net "qbar", 0 0, v0x2588d530_0;  1 drivers
v0x2588db00_0 .var "t", 0 0;
S_0x25852580 .scope module, "uut" "t_ff" 3 6, 4 2 0, S_0x25878c00;
 .timescale -9 -12;
    .port_info 0 /OUTPUT 1 "q";
    .port_info 1 /OUTPUT 1 "qbar";
    .port_info 2 /INPUT 1 "t";
    .port_info 3 /INPUT 1 "clk";
    .port_info 4 /INPUT 1 "clear";
v0x258790f0_0 .net "clear", 0 0, v0x2588d7a0_0;  1 drivers
v0x2588d3a0_0 .net "clk", 0 0, v0x2588d860_0;  1 drivers
v0x2588d460_0 .var "q", 0 0;
v0x2588d530_0 .var "qbar", 0 0;
v0x2588d5f0_0 .net "t", 0 0, v0x2588db00_0;  1 drivers
E_0x2583fb30/0 .event negedge, v0x258790f0_0;
E_0x2583fb30/1 .event posedge, v0x2588d3a0_0;
E_0x2583fb30 .event/or E_0x2583fb30/0, E_0x2583fb30/1;
    .scope S_0x25852580;
T_0 ;
    %wait E_0x2583fb30;
    %load/vec4 v0x258790f0_0;
    %nor/r;
    %flag_set/vec4 8;
    %jmp/0xz  T_0.0, 8;
    %pushi/vec4 0, 0, 1;
    %assign/vec4 v0x2588d460_0, 0;
    %pushi/vec4 1, 0, 1;
    %assign/vec4 v0x2588d530_0, 0;
    %jmp T_0.1;
T_0.0 ;
    %load/vec4 v0x2588d5f0_0;
    %dup/vec4;
    %pushi/vec4 0, 0, 1;
    %cmp/x;
    %jmp/1 T_0.2, 4;
    %dup/vec4;
    %pushi/vec4 1, 0, 1;
    %cmp/x;
    %jmp/1 T_0.3, 4;
    %pushi/vec4 3, 3, 2;
    %split/vec4 1;
    %assign/vec4 v0x2588d530_0, 0;
    %assign/vec4 v0x2588d460_0, 0;
    %jmp T_0.5;
T_0.2 ;
    %load/vec4 v0x2588d460_0;
    %assign/vec4 v0x2588d460_0, 0;
    %load/vec4 v0x2588d530_0;
    %assign/vec4 v0x2588d530_0, 0;
    %jmp T_0.5;
T_0.3 ;
    %load/vec4 v0x2588d460_0;
    %inv;
    %assign/vec4 v0x2588d460_0, 0;
    %load/vec4 v0x2588d530_0;
    %inv;
    %assign/vec4 v0x2588d530_0, 0;
    %jmp T_0.5;
T_0.5 ;
    %pop/vec4 1;
T_0.1 ;
    %jmp T_0;
    .thread T_0;
    .scope S_0x25878c00;
T_1 ;
    %pushi/vec4 0, 0, 1;
    %store/vec4 v0x2588d860_0, 0, 1;
T_1.0 ;
    %delay 5000, 0;
    %load/vec4 v0x2588d860_0;
    %inv;
    %store/vec4 v0x2588d860_0, 0, 1;
    %jmp T_1.0;
    %end;
    .thread T_1;
    .scope S_0x25878c00;
T_2 ;
    %pushi/vec4 0, 0, 1;
    %store/vec4 v0x2588db00_0, 0, 1;
    %pushi/vec4 0, 0, 1;
    %store/vec4 v0x2588d7a0_0, 0, 1;
    %delay 5000, 0;
    %pushi/vec4 1, 0, 1;
    %store/vec4 v0x2588d7a0_0, 0, 1;
    %vpi_call/w 3 18 "$dumpfile", "tb_t_ff.vcd" {0 0 0};
    %vpi_call/w 3 19 "$dumpvars", 32'sb00000000000000000000000000000000, S_0x25852580 {0 0 0};
    %end;
    .thread T_2;
    .scope S_0x25878c00;
T_3 ;
    %delay 10000, 0;
    %load/vec4 v0x2588db00_0;
    %inv;
    %store/vec4 v0x2588db00_0, 0, 1;
    %jmp T_3;
    .thread T_3;
    .scope S_0x25878c00;
T_4 ;
    %vpi_call/w 3 24 "$monitor", "time=%g,t=%b,clk=%b,clear=%b,q=%b,qbar=%b", $time, v0x2588db00_0, v0x2588d860_0, v0x2588d7a0_0, v0x2588d930_0, v0x2588da30_0 {0 0 0};
    %delay 100000, 0;
    %vpi_call/w 3 25 "$finish" {0 0 0};
    %end;
    .thread T_4;
# The file index is used to find the file name in the following table.
:file_names 5;
    "N/A";
    "<interactive>";
    "-";
    "testbench.sv";
    "design.sv";
