#! /usr/local/bin/vvp
:ivl_version "12.0 (stable)";
:ivl_delay_selection "TYPICAL";
:vpi_time_precision - 12;
:vpi_module "/usr/local/lib/ivl/system.vpi";
:vpi_module "/usr/local/lib/ivl/vhdl_sys.vpi";
:vpi_module "/usr/local/lib/ivl/vhdl_textio.vpi";
:vpi_module "/usr/local/lib/ivl/v2005_math.vpi";
:vpi_module "/usr/local/lib/ivl/va_math.vpi";
:vpi_module "/usr/local/lib/ivl/v2009.vpi";
S_0x40870050 .scope package, "$unit" "$unit" 2 1;
 .timescale 0 0;
S_0x408701e0 .scope module, "tb_piso" "tb_piso" 3 2;
 .timescale -9 -12;
v0x40886050_0 .var "clk", 0 0;
v0x40886110_0 .var "clr", 0 0;
v0x408861e0_0 .var "d", 3 0;
v0x408862e0_0 .var "sel", 0 0;
v0x408863b0_0 .net "v", 0 0, v0x40885ef0_0;  1 drivers
S_0x4084a580 .scope module, "uut" "piso" 3 8, 4 2 0, S_0x408701e0;
 .timescale -9 -12;
    .port_info 0 /OUTPUT 1 "v";
    .port_info 1 /INPUT 1 "clk";
    .port_info 2 /INPUT 1 "sel";
    .port_info 3 /INPUT 1 "clr";
    .port_info 4 /INPUT 4 "d";
v0x4084a760_0 .net "clk", 0 0, v0x40886050_0;  1 drivers
v0x40885b50_0 .net "clr", 0 0, v0x40886110_0;  1 drivers
v0x40885c10_0 .net "d", 3 0, v0x408861e0_0;  1 drivers
v0x40885d00_0 .var "q", 3 0;
v0x40885de0_0 .net "sel", 0 0, v0x408862e0_0;  1 drivers
v0x40885ef0_0 .var "v", 0 0;
E_0x4086ef40 .event posedge, v0x4084a760_0;
    .scope S_0x4084a580;
T_0 ;
    %wait E_0x4086ef40;
    %load/vec4 v0x40885b50_0;
    %pad/u 32;
    %cmpi/e 1, 0, 32;
    %jmp/0xz  T_0.0, 4;
    %pushi/vec4 0, 0, 4;
    %assign/vec4 v0x40885d00_0, 0;
    %jmp T_0.1;
T_0.0 ;
    %load/vec4 v0x40885de0_0;
    %pad/u 32;
    %cmpi/e 0, 0, 32;
    %jmp/0xz  T_0.2, 4;
    %load/vec4 v0x40885c10_0;
    %assign/vec4 v0x40885d00_0, 0;
    %jmp T_0.3;
T_0.2 ;
    %load/vec4 v0x40885d00_0;
    %parti/s 1, 0, 2;
    %assign/vec4 v0x40885ef0_0, 0;
    %load/vec4 v0x40885d00_0;
    %ix/load 4, 1, 0;
    %flag_set/imm 4, 0;
    %shiftr 4;
    %assign/vec4 v0x40885d00_0, 0;
T_0.3 ;
T_0.1 ;
    %jmp T_0;
    .thread T_0;
    .scope S_0x408701e0;
T_1 ;
    %pushi/vec4 0, 0, 1;
    %store/vec4 v0x40886050_0, 0, 1;
T_1.0 ;
    %delay 5000, 0;
    %load/vec4 v0x40886050_0;
    %inv;
    %store/vec4 v0x40886050_0, 0, 1;
    %jmp T_1.0;
    %end;
    .thread T_1;
    .scope S_0x408701e0;
T_2 ;
    %vpi_call/w 3 22 "$dumpfile", "tb_piso.vcd" {0 0 0};
    %vpi_call/w 3 23 "$dumpvars", 32'sb00000000000000000000000000000000, S_0x4084a580 {0 0 0};
    %end;
    .thread T_2;
    .scope S_0x408701e0;
T_3 ;
    %pushi/vec4 1, 0, 1;
    %store/vec4 v0x40886110_0, 0, 1;
    %pushi/vec4 0, 0, 1;
    %store/vec4 v0x408862e0_0, 0, 1;
    %pushi/vec4 11, 0, 4;
    %store/vec4 v0x408861e0_0, 0, 4;
    %delay 10000, 0;
    %pushi/vec4 0, 0, 1;
    %store/vec4 v0x40886110_0, 0, 1;
    %delay 10000, 0;
    %pushi/vec4 1, 0, 1;
    %store/vec4 v0x408862e0_0, 0, 1;
    %delay 40000, 0;
    %pushi/vec4 0, 0, 1;
    %store/vec4 v0x408862e0_0, 0, 1;
    %pushi/vec4 12, 0, 4;
    %store/vec4 v0x408861e0_0, 0, 4;
    %delay 10000, 0;
    %pushi/vec4 1, 0, 1;
    %store/vec4 v0x408862e0_0, 0, 1;
    %delay 40000, 0;
    %vpi_call/w 3 37 "$finish" {0 0 0};
    %end;
    .thread T_3;
    .scope S_0x408701e0;
T_4 ;
    %vpi_call/w 3 41 "$monitor", "time=%0t | clr=%b sel=%b d=%b v=%b q=%b", $time, v0x40886110_0, v0x408862e0_0, v0x408861e0_0, v0x408863b0_0, v0x40885d00_0 {0 0 0};
    %end;
    .thread T_4;
# The file index is used to find the file name in the following table.
:file_names 5;
    "N/A";
    "<interactive>";
    "-";
    "testbench.sv";
    "design.sv";
