#! /usr/local/bin/vvp
:ivl_version "12.0 (stable)";
:ivl_delay_selection "TYPICAL";
:vpi_time_precision - 12;
:vpi_module "/usr/local/lib/ivl/system.vpi";
:vpi_module "/usr/local/lib/ivl/vhdl_sys.vpi";
:vpi_module "/usr/local/lib/ivl/vhdl_textio.vpi";
:vpi_module "/usr/local/lib/ivl/v2005_math.vpi";
:vpi_module "/usr/local/lib/ivl/va_math.vpi";
:vpi_module "/usr/local/lib/ivl/v2009.vpi";
S_0x30ab5c40 .scope package, "$unit" "$unit" 2 1;
 .timescale 0 0;
S_0x30ab5dd0 .scope module, "tb_jk_ff" "tb_jk_ff" 3 2;
 .timescale -9 -12;
v0x30acc280_0 .var "clear", 0 0;
v0x30acc340_0 .var "clk", 0 0;
v0x30acc410_0 .var "j", 0 0;
v0x30acc510_0 .var "k", 0 0;
v0x30acc5e0_0 .net "q", 0 0, v0x30acbfb0_0;  1 drivers
v0x30acc6d0_0 .net "qbar", 0 0, v0x30acc0c0_0;  1 drivers
S_0x30a8e580 .scope module, "uut" "jk_ff" 3 6, 4 2 0, S_0x30ab5dd0;
 .timescale -9 -12;
    .port_info 0 /OUTPUT 1 "q";
    .port_info 1 /OUTPUT 1 "qbar";
    .port_info 2 /INPUT 1 "j";
    .port_info 3 /INPUT 1 "k";
    .port_info 4 /INPUT 1 "clk";
    .port_info 5 /INPUT 1 "clear";
v0x30ab6430_0 .net "clear", 0 0, v0x30acc280_0;  1 drivers
v0x30acbd60_0 .net "clk", 0 0, v0x30acc340_0;  1 drivers
v0x30acbe20_0 .net "j", 0 0, v0x30acc410_0;  1 drivers
v0x30acbef0_0 .net "k", 0 0, v0x30acc510_0;  1 drivers
v0x30acbfb0_0 .var "q", 0 0;
v0x30acc0c0_0 .var "qbar", 0 0;
E_0x30a7bb30/0 .event negedge, v0x30ab6430_0;
E_0x30a7bb30/1 .event posedge, v0x30acbd60_0;
E_0x30a7bb30 .event/or E_0x30a7bb30/0, E_0x30a7bb30/1;
    .scope S_0x30a8e580;
T_0 ;
    %wait E_0x30a7bb30;
    %load/vec4 v0x30ab6430_0;
    %cmpi/e 0, 0, 1;
    %jmp/0xz  T_0.0, 4;
    %pushi/vec4 0, 0, 1;
    %assign/vec4 v0x30acbfb0_0, 0;
    %pushi/vec4 1, 0, 1;
    %assign/vec4 v0x30acc0c0_0, 0;
    %jmp T_0.1;
T_0.0 ;
    %load/vec4 v0x30acbe20_0;
    %load/vec4 v0x30acbef0_0;
    %concat/vec4; draw_concat_vec4
    %dup/vec4;
    %pushi/vec4 0, 0, 2;
    %cmp/x;
    %jmp/1 T_0.2, 4;
    %dup/vec4;
    %pushi/vec4 1, 0, 2;
    %cmp/x;
    %jmp/1 T_0.3, 4;
    %dup/vec4;
    %pushi/vec4 2, 0, 2;
    %cmp/x;
    %jmp/1 T_0.4, 4;
    %dup/vec4;
    %pushi/vec4 3, 0, 2;
    %cmp/x;
    %jmp/1 T_0.5, 4;
    %pushi/vec4 3, 3, 2;
    %split/vec4 1;
    %assign/vec4 v0x30acc0c0_0, 0;
    %assign/vec4 v0x30acbfb0_0, 0;
    %jmp T_0.7;
T_0.2 ;
    %load/vec4 v0x30acbfb0_0;
    %assign/vec4 v0x30acbfb0_0, 0;
    %load/vec4 v0x30acc0c0_0;
    %assign/vec4 v0x30acc0c0_0, 0;
    %jmp T_0.7;
T_0.3 ;
    %pushi/vec4 0, 0, 1;
    %assign/vec4 v0x30acbfb0_0, 0;
    %pushi/vec4 1, 0, 1;
    %assign/vec4 v0x30acc0c0_0, 0;
    %jmp T_0.7;
T_0.4 ;
    %pushi/vec4 1, 0, 1;
    %assign/vec4 v0x30acbfb0_0, 0;
    %pushi/vec4 0, 0, 1;
    %assign/vec4 v0x30acc0c0_0, 0;
    %jmp T_0.7;
T_0.5 ;
    %load/vec4 v0x30acbfb0_0;
    %inv;
    %assign/vec4 v0x30acbfb0_0, 0;
    %load/vec4 v0x30acc0c0_0;
    %inv;
    %assign/vec4 v0x30acc0c0_0, 0;
    %jmp T_0.7;
T_0.7 ;
    %pop/vec4 1;
T_0.1 ;
    %jmp T_0;
    .thread T_0;
    .scope S_0x30ab5dd0;
T_1 ;
    %pushi/vec4 0, 0, 1;
    %store/vec4 v0x30acc340_0, 0, 1;
T_1.0 ;
    %delay 5000, 0;
    %load/vec4 v0x30acc340_0;
    %inv;
    %store/vec4 v0x30acc340_0, 0, 1;
    %jmp T_1.0;
    %end;
    .thread T_1;
    .scope S_0x30ab5dd0;
T_2 ;
    %pushi/vec4 0, 0, 1;
    %store/vec4 v0x30acc410_0, 0, 1;
    %pushi/vec4 0, 0, 1;
    %store/vec4 v0x30acc510_0, 0, 1;
    %pushi/vec4 1, 0, 1;
    %store/vec4 v0x30acc280_0, 0, 1;
    %pushi/vec4 0, 0, 1;
    %store/vec4 v0x30acc280_0, 0, 1;
    %delay 5000, 0;
    %pushi/vec4 1, 0, 1;
    %store/vec4 v0x30acc280_0, 0, 1;
    %vpi_call/w 3 20 "$dumpfile", "tb_jk_ff.vcd" {0 0 0};
    %vpi_call/w 3 21 "$dumpvars", 32'sb00000000000000000000000000000000, S_0x30a8e580 {0 0 0};
    %end;
    .thread T_2;
    .scope S_0x30ab5dd0;
T_3 ;
    %delay 2000, 0;
    %load/vec4 v0x30acc410_0;
    %inv;
    %store/vec4 v0x30acc410_0, 0, 1;
    %jmp T_3;
    .thread T_3;
    .scope S_0x30ab5dd0;
T_4 ;
    %delay 1000, 0;
    %load/vec4 v0x30acc510_0;
    %inv;
    %store/vec4 v0x30acc510_0, 0, 1;
    %jmp T_4;
    .thread T_4;
    .scope S_0x30ab5dd0;
T_5 ;
    %vpi_call/w 3 27 "$monitor", "time=%g,j=%b,k=%b,clk=%b,clear=%b,q=%b,qbar=%b", $time, v0x30acc410_0, v0x30acc510_0, v0x30acc340_0, v0x30acc280_0, v0x30acc5e0_0, v0x30acc6d0_0 {0 0 0};
    %delay 100000, 0;
    %vpi_call/w 3 28 "$finish" {0 0 0};
    %end;
    .thread T_5;
# The file index is used to find the file name in the following table.
:file_names 5;
    "N/A";
    "<interactive>";
    "-";
    "testbench.sv";
    "design.sv";
