#! /usr/local/bin/vvp
:ivl_version "12.0 (stable)";
:ivl_delay_selection "TYPICAL";
:vpi_time_precision - 9;
:vpi_module "/usr/local/lib/ivl/system.vpi";
:vpi_module "/usr/local/lib/ivl/vhdl_sys.vpi";
:vpi_module "/usr/local/lib/ivl/vhdl_textio.vpi";
:vpi_module "/usr/local/lib/ivl/v2005_math.vpi";
:vpi_module "/usr/local/lib/ivl/va_math.vpi";
:vpi_module "/usr/local/lib/ivl/v2009.vpi";
S_0x1a01e760 .scope package, "$unit" "$unit" 2 1;
 .timescale 0 0;
S_0x1a01e8f0 .scope module, "tb_str" "tb_str" 3 2;
 .timescale -8 -9;
v0x1a039200_0 .var "a", 0 0;
v0x1a0392c0_0 .var "b", 0 0;
v0x1a039390_0 .var "c", 0 0;
v0x1a039490_0 .net "co", 0 0, v0x1a038f90_0;  1 drivers
v0x1a039560_0 .net "s", 0 0, v0x1a039050_0;  1 drivers
S_0x19ff9580 .scope module, "uut" "str" 3 7, 4 3 0, S_0x1a01e8f0;
 .timescale -8 -9;
    .port_info 0 /OUTPUT 1 "s";
    .port_info 1 /OUTPUT 1 "co";
    .port_info 2 /INPUT 1 "a";
    .port_info 3 /INPUT 1 "b";
    .port_info 4 /INPUT 1 "c";
v0x1a01edc0_0 .net "a", 0 0, v0x1a039200_0;  1 drivers
v0x1a038e00_0 .net "b", 0 0, v0x1a0392c0_0;  1 drivers
v0x1a038ec0_0 .net "c", 0 0, v0x1a039390_0;  1 drivers
v0x1a038f90_0 .var "co", 0 0;
v0x1a039050_0 .var "s", 0 0;
E_0x19ff9760 .event anyedge, v0x1a01edc0_0, v0x1a038e00_0, v0x1a038ec0_0;
    .scope S_0x19ff9580;
T_0 ;
    %wait E_0x19ff9760;
    %load/vec4 v0x1a01edc0_0;
    %load/vec4 v0x1a038e00_0;
    %xor;
    %load/vec4 v0x1a038ec0_0;
    %xor;
    %store/vec4 v0x1a039050_0, 0, 1;
    %load/vec4 v0x1a01edc0_0;
    %load/vec4 v0x1a038e00_0;
    %and;
    %load/vec4 v0x1a038ec0_0;
    %load/vec4 v0x1a01edc0_0;
    %load/vec4 v0x1a038e00_0;
    %xor;
    %and;
    %or;
    %store/vec4 v0x1a038f90_0, 0, 1;
    %jmp T_0;
    .thread T_0, $push;
    .scope S_0x1a01e8f0;
T_1 ;
    %vpi_call/w 3 16 "$dumpfile", "tb_str.vcd" {0 0 0};
    %vpi_call/w 3 17 "$dumpvars", 32'sb00000000000000000000000000000000, S_0x19ff9580 {0 0 0};
    %vpi_call/w 3 19 "$display", "a b c | s co | Expected s co" {0 0 0};
    %vpi_call/w 3 20 "$display", "----------------------------" {0 0 0};
    %pushi/vec4 0, 0, 1;
    %store/vec4 v0x1a039200_0, 0, 1;
    %pushi/vec4 0, 0, 1;
    %store/vec4 v0x1a0392c0_0, 0, 1;
    %pushi/vec4 0, 0, 1;
    %store/vec4 v0x1a039390_0, 0, 1;
    %delay 100, 0;
    %vpi_call/w 3 24 "$display", "%b %b %b | %b %b |    0 0", v0x1a039200_0, v0x1a0392c0_0, v0x1a039390_0, v0x1a039560_0, v0x1a039490_0 {0 0 0};
    %pushi/vec4 0, 0, 1;
    %store/vec4 v0x1a039200_0, 0, 1;
    %pushi/vec4 0, 0, 1;
    %store/vec4 v0x1a0392c0_0, 0, 1;
    %pushi/vec4 1, 0, 1;
    %store/vec4 v0x1a039390_0, 0, 1;
    %delay 100, 0;
    %vpi_call/w 3 27 "$display", "%b %b %b | %b %b |    1 0", v0x1a039200_0, v0x1a0392c0_0, v0x1a039390_0, v0x1a039560_0, v0x1a039490_0 {0 0 0};
    %pushi/vec4 0, 0, 1;
    %store/vec4 v0x1a039200_0, 0, 1;
    %pushi/vec4 1, 0, 1;
    %store/vec4 v0x1a0392c0_0, 0, 1;
    %pushi/vec4 0, 0, 1;
    %store/vec4 v0x1a039390_0, 0, 1;
    %delay 100, 0;
    %vpi_call/w 3 30 "$display", "%b %b %b | %b %b |    1 0", v0x1a039200_0, v0x1a0392c0_0, v0x1a039390_0, v0x1a039560_0, v0x1a039490_0 {0 0 0};
    %pushi/vec4 0, 0, 1;
    %store/vec4 v0x1a039200_0, 0, 1;
    %pushi/vec4 1, 0, 1;
    %store/vec4 v0x1a0392c0_0, 0, 1;
    %pushi/vec4 1, 0, 1;
    %store/vec4 v0x1a039390_0, 0, 1;
    %delay 100, 0;
    %vpi_call/w 3 33 "$display", "%b %b %b | %b %b |    0 1", v0x1a039200_0, v0x1a0392c0_0, v0x1a039390_0, v0x1a039560_0, v0x1a039490_0 {0 0 0};
    %pushi/vec4 1, 0, 1;
    %store/vec4 v0x1a039200_0, 0, 1;
    %pushi/vec4 0, 0, 1;
    %store/vec4 v0x1a0392c0_0, 0, 1;
    %pushi/vec4 0, 0, 1;
    %store/vec4 v0x1a039390_0, 0, 1;
    %delay 100, 0;
    %vpi_call/w 3 36 "$display", "%b %b %b | %b %b |    1 0", v0x1a039200_0, v0x1a0392c0_0, v0x1a039390_0, v0x1a039560_0, v0x1a039490_0 {0 0 0};
    %pushi/vec4 1, 0, 1;
    %store/vec4 v0x1a039200_0, 0, 1;
    %pushi/vec4 0, 0, 1;
    %store/vec4 v0x1a0392c0_0, 0, 1;
    %pushi/vec4 1, 0, 1;
    %store/vec4 v0x1a039390_0, 0, 1;
    %delay 100, 0;
    %vpi_call/w 3 39 "$display", "%b %b %b | %b %b |    0 1", v0x1a039200_0, v0x1a0392c0_0, v0x1a039390_0, v0x1a039560_0, v0x1a039490_0 {0 0 0};
    %pushi/vec4 1, 0, 1;
    %store/vec4 v0x1a039200_0, 0, 1;
    %pushi/vec4 1, 0, 1;
    %store/vec4 v0x1a0392c0_0, 0, 1;
    %pushi/vec4 0, 0, 1;
    %store/vec4 v0x1a039390_0, 0, 1;
    %delay 100, 0;
    %vpi_call/w 3 42 "$display", "%b %b %b | %b %b |    0 1", v0x1a039200_0, v0x1a0392c0_0, v0x1a039390_0, v0x1a039560_0, v0x1a039490_0 {0 0 0};
    %pushi/vec4 1, 0, 1;
    %store/vec4 v0x1a039200_0, 0, 1;
    %pushi/vec4 1, 0, 1;
    %store/vec4 v0x1a0392c0_0, 0, 1;
    %pushi/vec4 1, 0, 1;
    %store/vec4 v0x1a039390_0, 0, 1;
    %delay 100, 0;
    %vpi_call/w 3 45 "$display", "%b %b %b | %b %b |    1 1", v0x1a039200_0, v0x1a0392c0_0, v0x1a039390_0, v0x1a039560_0, v0x1a039490_0 {0 0 0};
    %vpi_call/w 3 47 "$finish" {0 0 0};
    %end;
    .thread T_1;
# The file index is used to find the file name in the following table.
:file_names 5;
    "N/A";
    "<interactive>";
    "-";
    "testbench.sv";
    "design.sv";
